2024-06-29 20:26:34,016 - INFO - Thông tin đầu vào:
2024-06-29 20:26:34,016 - INFO - file_name: datasets/training_user_based.xlsx
2024-06-29 20:26:34,016 - INFO - min_quota: 0
2024-06-29 20:26:34,016 - INFO - k: 2
2024-06-29 20:26:34,016 - INFO - ----------------------------------------------
2024-06-29 20:26:34,016 - INFO - Kết quả thực thi:
2024-06-29 20:26:34,111 - INFO - Các cặp (user, item) bị trùng lặp:
2024-06-29 20:26:34,111 - INFO -       user  item  rating
27      17    76    15.0
28      17    76   310.0
178     17   227     5.0
179     17   227    11.0
268     25   136    18.0
269     25   136    20.0
898     29    49    88.0
899     29    49    12.0
1078    30    49   302.0
1079    30    49   214.0
1330    33   121    23.0
1331    33   121    42.0
1438    34    49     4.0
1439    34    49     5.0
1440    34    49    17.0
1643    35    73    18.0
1644    35    73     5.0
2001    37    72     5.0
2002    37    72     5.0
3433    45    71    12.0
3434    45    71   276.0
3436    45    73    19.0
3437    45    73    32.0
3438    45    73     5.0
4331    50    71     8.0
4332    50    71   174.0
4498    51    58     8.0
4499    51    58  1120.0
4509    51    68    20.0
4510    51    68     8.0
4670    52    49   116.0
4671    52    49    44.0
4672    52    50    20.0
4673    52    50   174.0
4699    52    76    10.0
4700    52    76    14.0
4701    52    76    38.0
4876    53    72     8.0
4877    53    72    10.0
4878    53    73   186.0
4879    53    73   250.0
5036    54    51    12.0
5037    54    51     5.0
5394    56    50    88.0
5395    56    50     4.0
5396    56    50   548.0
5418    56    72    30.0
5419    56    72    16.0
5775    58    70     4.0
5776    58    70     8.0
6292    61    49     8.0
6293    61    49    24.0
6294    61    50    36.0
6295    61    50    12.0
2024-06-29 20:26:34,150 - INFO - Dữ liệu đã được tải từ file: result/1_original_matrix.xlsx
2024-06-29 20:26:34,162 - INFO - Ma trận độ tương tự giữa các user đã được tính toán
2024-06-29 20:26:34,187 - INFO - Ma trận gốc:
2024-06-29 20:26:34,228 - INFO -     User           49          50     51     52     53     54   55     56   57     58    59     60   62    63    64     65    66     67    68      69     70     71     72          73     74     75          76     77     78    79    80     81     85    86     87    88    90     91    95    103   105   106   107  108   114   116   118    121   122  123    128    131    132   134    135    136   137   138   139   140    141   142    143   144    145    146   147     149  156   160  162   167    168   169   170   171   172   174  175  178   179   181   192   197   198  205  209   211   212   213   214   217    219   221  222   223  224   226    227   228
0     17          NaN         NaN    NaN    NaN    NaN   14.0  NaN    NaN  8.0    NaN   NaN    NaN  NaN   NaN   NaN    NaN   NaN    NaN   NaN     NaN    NaN    NaN    NaN         NaN    NaN    NaN  162.500000    NaN    NaN   NaN   NaN    NaN    NaN  12.0    NaN   NaN   NaN    NaN   NaN    4.0   NaN   NaN  56.0  NaN   NaN   NaN   NaN    4.0   NaN  NaN    NaN    NaN    NaN  12.0    NaN    NaN   NaN   NaN   NaN   NaN    NaN   NaN    NaN   NaN    NaN    NaN  28.0  2344.0  NaN   NaN  NaN   NaN   14.0   6.0   5.0   NaN   NaN   NaN  NaN  NaN   NaN   NaN   NaN   NaN   NaN  NaN  NaN   NaN   NaN   NaN   NaN   NaN    NaN   NaN  NaN   NaN  NaN   NaN    8.0   NaN
1     25     7.000000         NaN    NaN    NaN    NaN    NaN  9.0    NaN  NaN    NaN   NaN    NaN  NaN   NaN   NaN  284.0   NaN    NaN   NaN     NaN    NaN    NaN    NaN   23.000000    NaN    NaN         NaN    NaN    NaN   NaN   NaN    NaN    NaN   NaN    NaN   NaN   NaN    NaN   NaN    NaN   NaN   NaN   NaN  NaN   NaN   NaN   NaN    NaN   6.0  NaN    NaN    NaN    NaN   NaN    NaN   19.0   NaN  12.0  46.0  12.0  284.0   NaN    NaN   NaN    NaN    NaN   NaN     NaN  NaN   NaN  NaN   8.0    NaN   NaN   NaN   NaN   NaN   NaN  NaN  NaN   NaN   NaN   NaN   NaN   NaN  NaN  NaN   NaN   NaN   NaN   NaN   NaN    NaN  14.0  NaN  20.0  NaN   NaN    NaN   NaN
2     26          NaN         NaN    NaN    NaN    NaN  152.0  NaN    NaN  NaN   34.0   NaN    NaN  NaN   NaN   NaN    NaN   9.0    NaN   NaN     NaN    NaN    NaN    NaN         NaN    NaN   44.0         NaN   42.0    NaN   NaN   NaN    NaN    NaN   NaN    NaN   NaN   NaN  144.0   NaN    NaN   NaN   NaN   NaN  NaN   NaN   NaN   NaN   14.0   NaN  NaN    NaN    NaN    NaN  82.0    NaN    NaN   NaN   NaN   NaN   NaN    NaN   NaN    NaN   NaN    NaN    NaN   NaN     NaN  NaN   NaN  NaN   NaN   59.0   NaN   NaN   NaN  15.0   NaN  NaN  NaN   NaN  10.0   NaN   NaN   NaN  NaN  NaN   NaN   NaN   NaN   NaN   NaN    NaN   NaN  NaN   NaN  NaN   NaN    NaN   NaN
3     27          NaN         NaN    NaN    NaN    NaN    NaN  NaN    4.0  NaN    NaN   NaN    NaN  NaN   NaN   NaN    NaN  30.0    NaN   NaN     NaN  200.0  168.0    NaN  138.000000    4.0    NaN         NaN    NaN    NaN   NaN   NaN    NaN    NaN   NaN    NaN   NaN   NaN    NaN   NaN    NaN   NaN   NaN   NaN  NaN   NaN   NaN   NaN   24.0   NaN  NaN    NaN    NaN    NaN   NaN    5.0  142.0   NaN   NaN   NaN   NaN    NaN  18.0    NaN  28.0    NaN    NaN   NaN     NaN  NaN   NaN  8.0   NaN    NaN   9.0   NaN   NaN   NaN   NaN  NaN  NaN   NaN   NaN   NaN   NaN   NaN  8.0  NaN   NaN   NaN   NaN   NaN   NaN    NaN  20.0  NaN   NaN  NaN   NaN    NaN   NaN
4     28          NaN         NaN   16.0    NaN    NaN    NaN  NaN    NaN  NaN    NaN   NaN    NaN  NaN   NaN   NaN    NaN   NaN    NaN   NaN     NaN    NaN    NaN    NaN  592.000000    NaN    NaN         NaN    NaN    NaN   NaN   NaN   99.0    NaN   NaN    NaN   NaN  24.0    NaN   NaN    NaN   NaN   NaN   NaN  NaN   NaN   NaN   NaN    NaN   NaN  NaN    NaN    NaN    NaN   NaN    NaN    NaN  10.0   NaN   NaN   NaN    NaN   NaN  290.0   NaN    NaN    NaN   NaN     NaN  NaN   NaN  NaN  14.0    NaN  22.0   NaN   NaN   NaN   NaN  4.0  NaN   NaN   NaN   NaN   NaN   NaN  NaN  NaN   NaN   NaN   NaN   NaN   NaN    NaN  14.0  8.0   NaN  NaN   NaN    NaN   NaN
5     29    50.000000         NaN  228.0    NaN    NaN    NaN  NaN    NaN  NaN    NaN   NaN    NaN  NaN   NaN   NaN    NaN   NaN    NaN   NaN     NaN    NaN    NaN    NaN         NaN    NaN    NaN         NaN    NaN    NaN   NaN   NaN    NaN    NaN   NaN    NaN   NaN   NaN    NaN   NaN    NaN   NaN   NaN   NaN  NaN   NaN   NaN   NaN    NaN   NaN  NaN    NaN    NaN    NaN   NaN    NaN    NaN   NaN   NaN   NaN   NaN    NaN   NaN    NaN   NaN    NaN    NaN   NaN     NaN  NaN   NaN  NaN   NaN    NaN   NaN   NaN   NaN   NaN   NaN  NaN  NaN   NaN   NaN   NaN   NaN   NaN  NaN  NaN   NaN   NaN   NaN   NaN  24.0    NaN   NaN  NaN   NaN  NaN   6.0    4.0   NaN
6     30   258.000000         NaN    NaN    NaN    NaN    NaN  NaN    NaN  NaN    NaN   NaN    NaN  NaN   NaN   NaN    NaN   NaN    NaN   NaN     NaN    6.0    NaN    NaN    6.000000    NaN    NaN         NaN    NaN  230.0   NaN   NaN    NaN    NaN   NaN    NaN   NaN   NaN    NaN   NaN    NaN  13.0   NaN   NaN  NaN   NaN   NaN   NaN    NaN   NaN  NaN    NaN    NaN    NaN   NaN    NaN    NaN   NaN   NaN   NaN   NaN    NaN   NaN    NaN   NaN    NaN    NaN   NaN     NaN  NaN   NaN  NaN   NaN    NaN   NaN   NaN   NaN   NaN   NaN  NaN  NaN   NaN   NaN   NaN   NaN   NaN  NaN  NaN   NaN   NaN   NaN   NaN   NaN    NaN   NaN  NaN   NaN  NaN  10.0    NaN   NaN
7     33          NaN         NaN    NaN    NaN    NaN   19.0  NaN    NaN  NaN    NaN   NaN    NaN  NaN   NaN   NaN    NaN   NaN    NaN   NaN     NaN   14.0    NaN    NaN  316.000000    NaN    NaN   63.000000    NaN    NaN   NaN   NaN  524.0    NaN   NaN    NaN   NaN  86.0    NaN   NaN    NaN   NaN   NaN   NaN  5.0   NaN   NaN   NaN   32.5   NaN  NaN    NaN    NaN    NaN   NaN    NaN    NaN   NaN   NaN   NaN   NaN    NaN   NaN    NaN  28.0    NaN    NaN   NaN     NaN  NaN   NaN  NaN   NaN    NaN   NaN   NaN  35.0   NaN   NaN  NaN  NaN   NaN   NaN   NaN   NaN   NaN  NaN  NaN   NaN   NaN   NaN   NaN   NaN    NaN   NaN  NaN   NaN  NaN   NaN    NaN   NaN
8     34     8.666667         NaN    NaN    NaN    NaN    NaN  NaN    NaN  NaN    NaN   NaN    NaN  NaN   NaN   NaN    NaN   NaN    NaN   NaN     NaN    NaN   18.0  154.0         NaN    NaN    NaN         NaN    NaN   10.0   NaN  16.0    NaN    NaN   NaN    8.0   NaN   NaN    NaN   NaN   12.0   NaN   NaN   NaN  NaN   NaN   NaN  21.0    NaN   NaN  NaN    NaN    5.0  300.0  12.0  202.0    NaN   NaN   NaN   NaN   NaN    NaN   NaN    NaN   NaN    NaN  626.0   NaN     NaN  NaN   NaN  NaN   NaN    NaN   NaN   NaN   NaN   NaN   NaN  NaN  NaN   NaN   NaN   NaN   NaN   NaN  NaN  NaN   NaN   NaN   NaN   NaN   NaN    NaN   NaN  NaN   NaN  NaN   NaN    NaN   NaN
9     35          NaN         NaN    NaN    NaN    NaN    NaN  NaN   28.0  NaN    NaN   NaN    NaN  NaN   NaN   NaN    NaN   NaN    NaN   NaN     NaN    NaN   48.0    NaN   11.500000    NaN    NaN         NaN    NaN    NaN   NaN   NaN    NaN    NaN   NaN    NaN   NaN   NaN    NaN   NaN    NaN   NaN   NaN   NaN  NaN   NaN   NaN   NaN    NaN   NaN  NaN    NaN    NaN    NaN   NaN    4.0    NaN   NaN   NaN   NaN   NaN    NaN   NaN    NaN   NaN    NaN    NaN   NaN     NaN  NaN   NaN  NaN   NaN    NaN   NaN   NaN   NaN   NaN   NaN  NaN  NaN   NaN   NaN   NaN   NaN   NaN  NaN  NaN   NaN   NaN   NaN   NaN   NaN    NaN   NaN  NaN   NaN  NaN   NaN    NaN   NaN
10    36  1132.000000         NaN    NaN    NaN    NaN    NaN  NaN    NaN  NaN    NaN   NaN    NaN  NaN   NaN   NaN    NaN   NaN    NaN   NaN     NaN    NaN    7.0    NaN         NaN    4.0    NaN         NaN    NaN    NaN   5.0   NaN    NaN    NaN   NaN    NaN   NaN   NaN    NaN   NaN    NaN   NaN   NaN   NaN  NaN   NaN   NaN   NaN    NaN   NaN  NaN    NaN    NaN    NaN   NaN    NaN    NaN   NaN   NaN   NaN   NaN    NaN   NaN    NaN   NaN    NaN    NaN   NaN     NaN  NaN   NaN  NaN   NaN    NaN   NaN   NaN   NaN   NaN   NaN  NaN  NaN   NaN   NaN   NaN   NaN   NaN  NaN  NaN  16.0   NaN   NaN   NaN   NaN    NaN   NaN  NaN   NaN  NaN   NaN    NaN   NaN
11    37          NaN         NaN    NaN    NaN    NaN    NaN  NaN    5.0  NaN    NaN   NaN    NaN  NaN   NaN   NaN    NaN  10.0    NaN   NaN     NaN    NaN    NaN    5.0         NaN    NaN    NaN    6.000000    NaN    NaN   NaN   NaN    NaN    NaN   NaN    NaN   NaN   NaN    NaN   NaN    NaN   NaN  19.0   NaN  NaN   NaN   NaN   NaN    NaN   NaN  NaN    NaN    NaN    NaN  34.0    NaN    NaN   NaN   NaN   NaN   NaN    NaN   NaN    NaN   NaN    NaN    NaN  88.0     NaN  NaN   NaN  NaN   NaN    NaN   NaN   NaN   NaN   NaN   NaN  NaN  NaN   NaN   NaN   NaN   NaN   NaN  NaN  NaN   NaN   NaN   NaN   NaN   NaN    NaN   NaN  NaN   NaN  NaN   NaN    NaN   NaN
12    38          NaN         NaN    NaN    NaN    NaN    NaN  NaN    NaN  NaN    NaN   NaN   36.0  NaN  10.0   NaN    NaN   NaN    NaN   NaN     NaN    NaN    NaN  169.0    4.000000    NaN    NaN         NaN    NaN    NaN   NaN   NaN    NaN    NaN   NaN    NaN   NaN   NaN    NaN   NaN    NaN   NaN   NaN   NaN  NaN   NaN   NaN   NaN    NaN  34.0  NaN    NaN    NaN    NaN   NaN    NaN    NaN   NaN   NaN   NaN   NaN    NaN   NaN    NaN   NaN    NaN    NaN   NaN     NaN  NaN   NaN  NaN   NaN    NaN   NaN   NaN   NaN   NaN   NaN  NaN  NaN   NaN   NaN   NaN   NaN   NaN  NaN  NaN   NaN   NaN   NaN   NaN   NaN    NaN   NaN  NaN   NaN  NaN   NaN    NaN   NaN
13    39   780.000000         NaN    NaN    NaN    NaN    NaN  NaN    NaN  NaN    NaN   NaN    8.0  NaN   NaN   NaN    NaN   NaN    NaN   NaN     NaN    NaN    NaN    NaN         NaN    NaN    NaN         NaN    NaN    NaN   NaN   NaN    NaN  180.0   NaN    NaN   NaN   NaN    NaN   NaN    NaN   NaN   NaN   NaN  NaN   NaN   NaN   NaN    NaN   NaN  NaN    NaN    NaN    NaN   NaN    NaN    NaN   NaN   NaN   NaN   NaN    NaN   NaN    NaN   NaN    NaN    NaN   NaN    70.0  NaN   NaN  NaN   NaN    NaN   NaN   NaN   NaN   NaN   NaN  NaN  NaN   NaN   NaN   NaN   NaN   NaN  NaN  5.0   NaN   NaN   4.0   NaN   NaN    NaN   NaN  NaN   NaN  NaN   NaN    NaN   NaN
14    40   208.000000         NaN  254.0    NaN    NaN    NaN  NaN    NaN  NaN    NaN  17.0    NaN  NaN   NaN   NaN    NaN   NaN    NaN   NaN     NaN    NaN    NaN    NaN         NaN    NaN    NaN         NaN    NaN    NaN   NaN   NaN    NaN    NaN   NaN    NaN   NaN   NaN    NaN   NaN    NaN   NaN   NaN   NaN  NaN   NaN   NaN   NaN    NaN   NaN  NaN    NaN    NaN    NaN   NaN    NaN    NaN   NaN   NaN   NaN   NaN    NaN   NaN    NaN   NaN    NaN    NaN   NaN     NaN  NaN   NaN  NaN   NaN    NaN   NaN   NaN   NaN   NaN   NaN  NaN  8.0   NaN   NaN   NaN   NaN   NaN  NaN  NaN   NaN   NaN   NaN   NaN   NaN    NaN   NaN  NaN   NaN  NaN   NaN    NaN   NaN
15    41          NaN         NaN    NaN    NaN    NaN    NaN  NaN    NaN  NaN    NaN   NaN    NaN  NaN   NaN  24.0    NaN   5.0    NaN   NaN  2336.0    NaN    NaN    NaN         NaN    NaN    NaN         NaN    NaN    NaN   NaN   NaN    NaN    NaN   NaN  196.0   NaN   NaN    NaN   NaN    NaN   NaN   NaN   NaN  NaN   NaN   NaN   NaN    NaN   NaN  NaN    NaN    NaN    NaN   NaN    9.0    NaN   NaN   NaN   NaN   NaN   48.0   NaN    NaN   8.0    NaN    NaN   NaN     NaN  NaN   NaN  NaN   NaN    NaN   NaN   NaN   NaN   NaN   NaN  NaN  NaN   NaN   NaN   NaN   NaN   NaN  NaN  NaN   NaN   NaN   NaN   NaN   NaN    NaN   NaN  NaN   NaN  NaN   NaN    NaN   NaN
16    42          NaN         NaN    NaN    NaN    NaN    NaN  NaN    8.0  NaN    NaN   NaN    NaN  NaN   NaN   NaN    NaN   NaN    NaN  14.0   470.0    NaN    NaN    NaN         NaN   32.0   11.0         NaN    NaN    NaN   NaN   NaN    NaN    NaN   NaN    NaN   NaN   NaN    NaN   NaN    NaN   NaN   NaN   NaN  NaN   NaN   NaN   NaN    NaN   NaN  NaN    NaN    NaN    NaN   NaN    NaN    NaN   NaN   NaN   NaN   NaN    NaN   NaN    NaN   NaN    NaN    NaN   NaN     NaN  NaN   NaN  NaN   NaN    NaN   NaN   NaN   NaN   NaN   NaN  NaN  NaN   NaN   NaN   NaN   NaN   NaN  NaN  NaN   NaN   NaN   NaN   NaN   NaN    NaN   NaN  NaN   NaN  NaN   8.0   10.0   NaN
17    43          NaN         NaN    NaN    NaN  270.0    NaN  NaN    NaN  NaN    NaN   NaN    NaN  NaN   NaN   NaN    NaN   NaN    NaN   NaN     NaN    NaN    NaN    NaN  246.000000    NaN    NaN         NaN    8.0    NaN   NaN   NaN    NaN    NaN   NaN   77.0   NaN   NaN    NaN   NaN    NaN   NaN   NaN   NaN  NaN   NaN   NaN   NaN    NaN   NaN  NaN    NaN    NaN    NaN   NaN    NaN    NaN   NaN   NaN   NaN   NaN    NaN   NaN    NaN   NaN    NaN    NaN   NaN     NaN  NaN   NaN  NaN   NaN    NaN   NaN   NaN   NaN   NaN   NaN  NaN  NaN  40.0   NaN   NaN   NaN   NaN  NaN  NaN   NaN   NaN   NaN   NaN   NaN    NaN   NaN  NaN   NaN  NaN   NaN    NaN   NaN
18    44    39.000000         NaN    NaN    NaN    NaN    NaN  NaN    NaN  NaN    NaN  11.0  194.0  NaN   NaN   NaN    NaN   NaN    NaN   NaN     NaN   90.0    NaN    8.0         NaN    NaN    NaN         NaN    NaN    NaN   NaN   NaN    NaN    NaN   NaN    NaN   NaN   NaN    NaN   NaN    NaN   NaN   NaN   NaN  NaN   NaN   NaN   NaN    NaN   NaN  NaN    NaN    NaN    NaN   NaN    NaN    NaN   NaN   NaN   NaN   NaN    NaN   4.0    NaN   NaN  173.0    NaN   NaN  3222.0  NaN   NaN  NaN   NaN    NaN   NaN   NaN   NaN   NaN   NaN  NaN  NaN   NaN   NaN   NaN   NaN   NaN  NaN  NaN   NaN  23.0  73.0   NaN   NaN    NaN   NaN  NaN   NaN  NaN   NaN    NaN   NaN
19    45          NaN         NaN    NaN    NaN    NaN    NaN  NaN    NaN  NaN    NaN   NaN    NaN  NaN   NaN   NaN    NaN  12.0    NaN   NaN     NaN    NaN  144.0    NaN   18.666667    NaN    NaN         NaN    NaN    NaN   NaN   NaN    NaN    NaN   NaN    NaN   8.0   NaN    NaN   NaN    NaN   NaN   NaN   NaN  NaN   NaN   NaN   NaN    4.0   NaN  NaN    NaN    NaN    NaN   NaN    NaN  666.0   NaN   NaN   NaN   NaN    NaN   NaN    NaN   NaN    NaN    NaN   NaN     NaN  NaN   NaN  NaN   NaN    NaN   NaN   NaN   NaN   NaN   NaN  NaN  NaN   NaN   NaN   NaN   NaN   NaN  NaN  NaN   NaN   NaN   NaN   NaN   NaN    NaN   NaN  NaN   6.0  NaN   NaN    NaN   NaN
20    46   224.000000         NaN    NaN    NaN    NaN    NaN  NaN    NaN  NaN    NaN   NaN    NaN  NaN   NaN   NaN    NaN   NaN    NaN   NaN     NaN    NaN    NaN    NaN    5.000000    NaN    NaN         NaN    NaN    NaN   NaN   NaN    NaN    NaN   NaN    NaN   NaN   NaN    NaN   NaN    NaN   NaN   NaN   NaN  NaN   NaN   NaN   NaN    NaN   NaN  NaN    NaN    NaN    NaN   NaN    NaN    NaN   NaN   NaN   NaN   NaN    NaN   NaN    NaN   NaN    NaN    NaN   NaN     NaN  NaN   NaN  NaN   NaN    NaN   NaN   NaN   NaN   NaN   NaN  NaN  NaN   NaN   NaN   NaN   NaN   NaN  NaN  NaN   NaN   NaN   NaN   NaN   NaN    NaN   NaN  NaN   NaN  NaN   NaN    NaN   NaN
21    47          NaN         NaN    8.0    NaN    NaN    NaN  NaN    NaN  NaN    NaN   NaN    NaN  NaN   NaN   NaN    NaN   NaN    NaN   NaN     NaN    NaN    NaN    7.0         NaN  392.0    NaN         NaN    NaN    NaN   NaN   NaN    NaN    NaN   NaN    NaN   NaN   NaN    NaN   NaN    NaN   NaN   NaN   NaN  NaN   NaN   NaN   NaN    NaN   NaN  NaN    NaN    NaN    NaN   NaN    NaN    NaN   NaN   NaN   NaN   NaN    NaN   NaN    NaN   NaN    NaN    NaN   NaN     NaN  NaN   NaN  NaN   NaN    NaN   NaN   NaN   NaN   NaN   NaN  NaN  NaN   NaN   NaN   NaN   NaN   NaN  NaN  NaN   NaN   NaN   NaN   NaN   NaN    NaN   NaN  NaN   NaN  NaN   NaN    NaN   NaN
22    48          NaN         NaN    NaN    NaN  308.0    NaN  NaN    4.0  NaN    NaN   NaN    8.0  NaN   NaN   NaN    NaN   NaN    NaN   NaN     NaN    6.0    NaN    NaN         NaN    NaN    NaN         NaN    NaN    NaN   NaN   NaN    NaN    NaN   NaN    NaN   NaN   NaN    NaN   NaN    NaN   NaN   NaN   NaN  NaN   NaN   NaN   NaN    NaN   NaN  NaN    NaN    NaN    NaN   NaN    NaN    NaN   NaN   NaN   NaN   NaN    NaN   NaN    NaN   NaN    NaN    NaN   NaN     NaN  NaN   NaN  NaN   NaN    NaN   NaN   NaN   NaN   NaN   NaN  NaN  NaN   NaN   NaN   NaN   NaN   NaN  NaN  NaN   NaN   NaN   NaN   NaN   NaN    NaN   NaN  NaN   NaN  NaN   NaN    NaN   NaN
23    49   548.000000         NaN    NaN    NaN    NaN    NaN  NaN    NaN  NaN    NaN   NaN    NaN  NaN   NaN   NaN    NaN   NaN    NaN   NaN     NaN    NaN    4.0    NaN         NaN    NaN    NaN         NaN    NaN    NaN  30.0   NaN    NaN    NaN   NaN    NaN   NaN   NaN    NaN   NaN    NaN   NaN   NaN   NaN  NaN   NaN   NaN  30.0    NaN   NaN  NaN    NaN    NaN    NaN   NaN    NaN    NaN   NaN   NaN   NaN   NaN    NaN   NaN    NaN   NaN    NaN    NaN   NaN     NaN  NaN   NaN  NaN   NaN    NaN   NaN   NaN   NaN   NaN   NaN  NaN  NaN   NaN   NaN   NaN   NaN   NaN  NaN  NaN   NaN   NaN   NaN   NaN   NaN    NaN   NaN  NaN   NaN  NaN   NaN    NaN   NaN
24    50          NaN         NaN    NaN    NaN    NaN    NaN  NaN    NaN  NaN    NaN   NaN    NaN  NaN   NaN   NaN    NaN   NaN    NaN   NaN     NaN    NaN   91.0    NaN         NaN    NaN    NaN         NaN    NaN    NaN   NaN   NaN    NaN    NaN   NaN    NaN   NaN   NaN    NaN   NaN    NaN   NaN   NaN   NaN  NaN   NaN   NaN   NaN    NaN   NaN  NaN    NaN   17.0    NaN   NaN    NaN    NaN   NaN   NaN   NaN   NaN    NaN   NaN    NaN   NaN    NaN    NaN   NaN     NaN  NaN   NaN  NaN   NaN    NaN   NaN   NaN   NaN   NaN   NaN  NaN  NaN   NaN   NaN   NaN   NaN   NaN  NaN  NaN   NaN   NaN   NaN   NaN   NaN    NaN   NaN  NaN   NaN  NaN   NaN    NaN   NaN
25    51     6.000000         NaN    NaN    NaN    NaN    NaN  NaN    NaN  NaN  564.0   NaN    NaN  NaN   NaN   NaN    NaN   NaN    NaN  14.0     NaN    NaN   82.0    NaN   22.000000    NaN    NaN         NaN    NaN    NaN   NaN   NaN    NaN    NaN   NaN    NaN   NaN   NaN    NaN   NaN    NaN   NaN   NaN   NaN  NaN   NaN   NaN   NaN   52.0   NaN  NaN    NaN    NaN    NaN   NaN    NaN    NaN   NaN   NaN   NaN   NaN    NaN   NaN    NaN   NaN    NaN    NaN   NaN     NaN  NaN   NaN  NaN  48.0    NaN   NaN  27.0   NaN   NaN   NaN  NaN  NaN   NaN   NaN   NaN   NaN   NaN  NaN  NaN   NaN   NaN   NaN   NaN   NaN    NaN   NaN  NaN   NaN  NaN   NaN    NaN   NaN
26    52    80.000000   97.000000    NaN    NaN   24.0    NaN  NaN    NaN  NaN    8.0   NaN    NaN  NaN   NaN   NaN    8.0  14.0    NaN   NaN     NaN    NaN    NaN  276.0  100.000000    NaN    NaN   20.666667    8.0    NaN   NaN   NaN    NaN    NaN   NaN    NaN   NaN   NaN    NaN   NaN  326.0   NaN   NaN   NaN  NaN  81.0   NaN   NaN    NaN   NaN  NaN    NaN    NaN    NaN   NaN    8.0    NaN   NaN   NaN   NaN   NaN    NaN  80.0    NaN   NaN    NaN    NaN  16.0     NaN  NaN   NaN  NaN   8.0    NaN   NaN   NaN   NaN   NaN   NaN  NaN  NaN   NaN   NaN   NaN   NaN   NaN  NaN  4.0   NaN   NaN   NaN   NaN   NaN   18.0   NaN  NaN   NaN  NaN   NaN    NaN   NaN
27    53          NaN         NaN    NaN    NaN    NaN    NaN  NaN   10.0  NaN    NaN   NaN    NaN  NaN   NaN   NaN    NaN   NaN    NaN  66.0     NaN    NaN    NaN    9.0  218.000000    NaN    NaN         NaN    NaN    NaN   NaN   NaN    NaN    NaN   NaN    NaN   NaN   NaN    NaN   NaN   20.0   NaN   NaN   NaN  NaN   NaN   NaN   NaN    NaN   NaN  NaN    NaN   18.0    NaN   NaN    NaN    NaN   NaN   NaN   NaN   NaN    NaN   NaN    NaN   NaN    8.0    NaN   NaN     NaN  NaN   NaN  NaN   NaN    NaN   NaN   NaN   NaN   NaN   NaN  NaN  NaN   NaN   NaN   NaN  14.0  16.0  NaN  NaN   NaN   NaN   NaN   NaN   NaN    NaN   NaN  NaN   NaN  NaN   NaN    NaN   NaN
28    54   244.000000         NaN    8.5    NaN    NaN    NaN  NaN    8.0  5.0    NaN   NaN    NaN  NaN   5.0   NaN    NaN   NaN    NaN   NaN     NaN   55.0    NaN   24.0   13.000000    NaN    NaN         NaN    NaN    NaN   NaN   NaN    NaN    NaN   NaN    NaN   NaN   NaN    NaN   NaN    NaN   NaN   NaN   9.0  NaN   NaN   NaN   NaN  156.0   NaN  NaN  788.0    NaN    NaN   NaN    NaN    NaN   NaN   NaN   NaN   NaN    NaN   NaN    NaN   NaN    NaN  144.0  40.0     NaN  NaN   NaN  NaN   NaN    NaN   NaN   NaN   NaN   NaN   NaN  NaN  NaN   NaN   NaN   NaN   NaN   NaN  NaN  NaN   NaN   NaN   NaN   NaN   NaN    NaN   NaN  NaN   NaN  NaN   NaN    NaN   NaN
29    55     5.000000   80.000000    NaN    NaN    NaN    NaN  NaN   18.0  NaN    NaN   NaN    NaN  NaN   NaN   NaN    NaN   NaN  136.0   NaN     NaN    NaN    4.0    NaN   48.000000    NaN    NaN   48.000000    NaN    NaN   NaN   NaN    NaN    NaN   NaN    NaN   NaN   NaN    NaN   NaN    NaN   NaN   NaN   NaN  NaN   NaN   8.0   NaN    NaN   NaN  NaN    NaN  140.0   94.0   NaN    NaN    NaN   NaN   NaN   NaN   NaN    NaN   NaN    NaN   NaN    NaN    NaN   NaN     NaN  5.0   NaN  NaN   NaN    NaN   NaN   NaN   NaN   NaN   NaN  NaN  NaN   NaN   NaN   NaN   NaN   NaN  NaN  4.0   NaN   NaN   NaN   NaN   NaN    NaN   NaN  NaN   NaN  NaN   NaN    NaN   NaN
30    56    10.000000  213.333333    NaN    NaN    NaN   24.0  NaN    NaN  NaN  261.0   NaN    NaN  NaN   NaN   NaN    NaN   NaN   14.0   NaN     8.0    NaN    NaN   23.0    4.000000    NaN    NaN         NaN    NaN    NaN  18.0   NaN    NaN    NaN   NaN    NaN   NaN   NaN    NaN  38.0    NaN   NaN   NaN   NaN  NaN   NaN   NaN   NaN    NaN   NaN  NaN    NaN    NaN    NaN   NaN    NaN    NaN   NaN   NaN   NaN   NaN    NaN   NaN    NaN   NaN    NaN    NaN   NaN     NaN  NaN   NaN  NaN   NaN  332.0   NaN   NaN   NaN   NaN   NaN  NaN  NaN   NaN   NaN   NaN   NaN   NaN  NaN  NaN   NaN   NaN   NaN  12.0   NaN    NaN   NaN  NaN   NaN  NaN   NaN  318.0  20.0
31    57          NaN    7.000000    NaN    NaN    NaN    NaN  NaN    NaN  NaN    NaN   NaN    NaN  5.0   NaN   NaN    NaN   NaN    NaN  87.0     NaN    4.0    NaN    NaN         NaN    NaN    NaN         NaN    NaN    NaN   NaN   NaN    NaN    NaN   NaN    NaN   NaN   NaN    NaN   NaN    NaN   NaN   NaN   NaN  NaN   NaN   NaN   NaN   29.0   NaN  NaN    NaN    NaN    NaN   NaN    NaN    NaN   NaN   NaN   NaN   NaN    NaN   NaN    NaN   NaN   40.0    NaN   NaN     NaN  NaN   NaN  NaN   NaN    NaN   NaN   NaN   NaN   NaN  16.0  NaN  NaN   NaN   NaN   NaN   NaN   NaN  NaN  NaN   NaN   NaN   NaN   NaN   NaN  972.0   NaN  NaN   NaN  NaN   NaN    8.0   NaN
32    58          NaN         NaN    NaN    NaN   32.0    NaN  NaN  108.0  7.0   72.0   NaN    NaN  NaN   NaN   NaN    NaN   NaN    NaN   NaN     NaN    6.0    NaN    NaN         NaN    NaN  292.0         NaN    NaN    NaN   NaN   NaN    NaN    NaN   NaN    NaN   NaN   NaN    NaN   NaN    NaN   NaN   NaN   NaN  NaN   NaN   NaN   NaN    NaN  28.0  NaN    NaN    NaN    NaN   NaN    NaN    NaN   NaN   NaN   NaN   NaN    NaN   NaN    NaN   NaN    NaN   91.0   NaN     NaN  NaN   NaN  NaN   NaN    NaN   NaN   NaN   NaN   NaN   NaN  NaN  NaN   NaN   NaN   NaN   NaN   NaN  NaN  NaN   NaN   NaN   NaN   NaN   NaN    NaN   NaN  NaN   NaN  4.0   NaN    NaN   NaN
33    61    16.000000   24.000000    NaN  108.0    NaN    NaN  NaN    NaN  NaN    NaN   NaN    NaN  NaN   NaN   NaN    NaN   NaN    NaN   NaN     NaN    NaN    NaN    NaN         NaN    NaN    NaN  226.000000    NaN    NaN   NaN   NaN    NaN    NaN   NaN    NaN  24.0   NaN    NaN   NaN    NaN   NaN   NaN   NaN  NaN   NaN  30.0   NaN    NaN   NaN  NaN    NaN    NaN    NaN   NaN    NaN    NaN   NaN   NaN   NaN   NaN    NaN   NaN    NaN   NaN    NaN    NaN   NaN     NaN  NaN  10.0  NaN   NaN    NaN   NaN   NaN   NaN   NaN   NaN  NaN  NaN   NaN   NaN   NaN   NaN   NaN  NaN  NaN   NaN   NaN   NaN   NaN   NaN    NaN   NaN  NaN   NaN  NaN   NaN    NaN   NaN
34    62          NaN         NaN    NaN    NaN    NaN    NaN  NaN    NaN  NaN    NaN   NaN    NaN  NaN   NaN   NaN    NaN   NaN    NaN   NaN     NaN    NaN    NaN    NaN         NaN    NaN   14.0         NaN    NaN    NaN   NaN   NaN    NaN    NaN   NaN    NaN   NaN   NaN    NaN   NaN    NaN   NaN   NaN   NaN  NaN   NaN   NaN   NaN    NaN   NaN  NaN    NaN    NaN    NaN   NaN    NaN    NaN   NaN   NaN   NaN   NaN    NaN   NaN    NaN   NaN    NaN    NaN   NaN     NaN  NaN   NaN  NaN   NaN    NaN   NaN   NaN   NaN   NaN   NaN  NaN  NaN   NaN   NaN   NaN   NaN   NaN  NaN  NaN   NaN   NaN   NaN   NaN   NaN    NaN   NaN  NaN   NaN  NaN   NaN    NaN   NaN
35    63          NaN   18.000000    NaN    NaN    NaN    NaN  NaN    NaN  NaN    NaN   NaN    NaN  NaN   NaN   NaN    NaN   NaN    NaN   NaN     NaN    NaN    NaN    NaN         NaN    NaN    NaN         NaN    NaN    NaN   NaN   NaN    NaN    NaN   NaN    NaN   NaN   NaN    NaN   NaN    NaN   NaN   NaN   NaN  NaN   NaN   NaN   NaN    NaN   NaN  NaN    NaN    NaN    NaN   NaN    NaN    NaN   NaN   NaN   NaN   NaN    NaN   NaN    NaN   NaN    NaN    NaN   NaN     NaN  NaN   NaN  NaN   NaN    NaN   NaN   NaN   NaN   NaN   NaN  NaN  NaN   NaN   NaN   NaN   NaN   NaN  NaN  NaN   NaN   NaN   NaN   NaN   NaN    NaN   NaN  NaN   NaN  NaN   NaN    NaN   NaN
36    64    24.000000         NaN    NaN    NaN    NaN    NaN  NaN    NaN  NaN    NaN   NaN    NaN  NaN   NaN   NaN    NaN   NaN    NaN   NaN     NaN    NaN    NaN    NaN         NaN    NaN   10.0         NaN    NaN    NaN   NaN   NaN    NaN    NaN   NaN    NaN   NaN   NaN    NaN   NaN    NaN   NaN   NaN   NaN  NaN   NaN   NaN   NaN    NaN   NaN  NaN    NaN    NaN    NaN   NaN    NaN    NaN   NaN   NaN   NaN   NaN    NaN   NaN    NaN   NaN    NaN    NaN   NaN     NaN  NaN   NaN  NaN   NaN    NaN   NaN   NaN   NaN   NaN   NaN  NaN  NaN   NaN   NaN   NaN   NaN   NaN  NaN  NaN   NaN   NaN   NaN   NaN   NaN    NaN   NaN  NaN   NaN  NaN   NaN    NaN   NaN
37    65  2946.000000         NaN    NaN    NaN    NaN    NaN  NaN    NaN  NaN    NaN   NaN    7.0  NaN   NaN   NaN    NaN   NaN    NaN   NaN     NaN    NaN    NaN    NaN         NaN    NaN    NaN         NaN  176.0    NaN   NaN   NaN    NaN    NaN   NaN    NaN   NaN   NaN    NaN   NaN    NaN   NaN   NaN   NaN  NaN   NaN   NaN   NaN    NaN   NaN  8.0    NaN    NaN    NaN   NaN    NaN    NaN   NaN   NaN   NaN   NaN    NaN   NaN    NaN   NaN    NaN    NaN   NaN     NaN  NaN   NaN  NaN   NaN    NaN   NaN   NaN   NaN   NaN   NaN  NaN  NaN   NaN   NaN  25.0   NaN   NaN  NaN  NaN   NaN   NaN   NaN   NaN   NaN    NaN   NaN  NaN   NaN  NaN   NaN    NaN   NaN
38    67    16.000000         NaN    NaN    NaN    NaN    NaN  NaN    NaN  NaN    NaN   NaN    NaN  NaN   NaN   NaN    NaN   NaN    NaN   NaN     NaN    NaN    NaN    NaN         NaN    NaN    NaN         NaN    NaN    NaN   NaN   NaN    NaN    NaN   NaN    NaN   NaN   NaN    NaN   NaN    NaN   NaN   NaN   NaN  NaN   NaN   NaN   NaN    NaN   NaN  NaN    NaN    NaN    NaN   NaN    NaN    8.0   NaN   NaN   NaN   NaN    NaN   NaN    NaN   NaN    NaN    NaN   NaN     NaN  NaN   NaN  NaN   NaN    NaN   NaN   NaN   NaN   NaN   NaN  NaN  NaN   NaN   NaN   NaN   NaN   NaN  NaN  NaN   NaN   NaN   NaN   NaN   NaN    NaN   NaN  NaN   NaN  NaN   NaN    NaN   NaN
2024-06-29 20:26:34,228 - INFO - Ma trận độ tương tự cosine:
2024-06-29 20:26:34,243 - INFO - User    17    25    26    27    28    29    30    33    34    35    36    37    38    39    40    41    42    43    44    45    46    47    48    49    50    51    52    53    54    55    56    57    58    61    62    63    64    65    67
User                                                                                                                                                                                                                                          
17    1.00  0.00  0.01  0.00  0.00  0.00  0.00  0.01  0.00  0.00  0.00  0.02  0.00  0.09  0.00  0.00  0.00  0.00  0.99  0.00  0.00  0.00  0.00  0.00  0.00  0.00  0.00  0.00  0.00  0.01  0.01  0.00  0.00  0.06  0.00  0.00  0.00  0.00  0.00
25    0.00  1.00  0.00  0.05  0.05  0.00  0.01  0.03  0.00  0.01  0.02  0.00  0.00  0.02  0.01  0.01  0.00  0.04  0.00  0.05  0.02  0.00  0.00  0.02  0.00  0.00  0.03  0.05  0.01  0.01  0.00  0.00  0.00  0.00  0.00  0.00  0.02  0.02  0.04
26    0.01  0.00  1.00  0.01  0.00  0.00  0.00  0.02  0.01  0.00  0.00  0.12  0.00  0.00  0.00  0.00  0.00  0.00  0.00  0.00  0.00  0.00  0.00  0.00  0.00  0.14  0.01  0.00  0.01  0.00  0.23  0.00  0.19  0.00  0.18  0.00  0.07  0.01  0.00
27    0.00  0.05  0.01  1.00  0.37  0.00  0.02  0.23  0.02  0.52  0.00  0.01  0.01  0.00  0.00  0.00  0.00  0.27  0.02  0.54  0.01  0.01  0.01  0.00  0.50  0.09  0.10  0.39  0.06  0.09  0.00  0.00  0.01  0.00  0.00  0.00  0.00  0.00  0.19
28    0.00  0.05  0.00  0.37  1.00  0.02  0.02  0.58  0.00  0.18  0.00  0.00  0.02  0.00  0.02  0.00  0.00  0.58  0.00  0.02  0.02  0.00  0.00  0.00  0.00  0.04  0.19  0.84  0.01  0.18  0.01  0.00  0.00  0.00  0.00  0.00  0.00  0.00  0.00
29    0.00  0.00  0.00  0.00  0.02  1.00  0.16  0.00  0.00  0.00  0.21  0.00  0.00  0.21  0.88  0.00  0.00  0.00  0.00  0.00  0.21  0.02  0.00  0.21  0.00  0.00  0.04  0.00  0.07  0.00  0.01  0.00  0.00  0.01  0.00  0.00  0.20  0.21  0.19
30    0.00  0.01  0.00  0.02  0.02  0.16  1.00  0.01  0.02  0.00  0.75  0.00  0.00  0.72  0.47  0.00  0.00  0.01  0.01  0.00  0.75  0.00  0.00  0.74  0.00  0.01  0.13  0.02  0.21  0.02  0.01  0.00  0.00  0.05  0.00  0.00  0.69  0.74  0.67
33    0.01  0.03  0.02  0.23  0.58  0.00  0.01  1.00  0.00  0.10  0.00  0.01  0.01  0.00  0.00  0.00  0.00  0.33  0.00  0.01  0.01  0.00  0.00  0.00  0.00  0.02  0.11  0.48  0.02  0.12  0.00  0.00  0.00  0.09  0.00  0.00  0.00  0.00  0.00
34    0.00  0.00  0.01  0.02  0.00  0.00  0.02  0.00  1.00  0.04  0.01  0.02  0.20  0.01  0.01  0.00  0.00  0.00  0.00  0.01  0.01  0.00  0.00  0.01  0.03  0.00  0.14  0.01  0.15  0.16  0.01  0.00  0.23  0.00  0.00  0.00  0.01  0.01  0.01
35    0.00  0.01  0.00  0.52  0.18  0.00  0.00  0.10  0.04  1.00  0.01  0.03  0.00  0.00  0.00  0.00  0.01  0.13  0.00  0.18  0.00  0.00  0.01  0.01  0.83  0.13  0.04  0.21  0.01  0.09  0.00  0.00  0.16  0.00  0.00  0.00  0.00  0.00  0.00
36    0.00  0.02  0.00  0.00  0.00  0.21  0.75  0.00  0.01  0.01  1.00  0.00  0.00  0.97  0.63  0.00  0.00  0.00  0.01  0.00  1.00  0.00  0.00  1.00  0.01  0.01  0.17  0.00  0.29  0.02  0.02  0.00  0.00  0.06  0.00  0.00  0.92  1.00  0.89
37    0.02  0.00  0.12  0.01  0.00  0.00  0.00  0.01  0.02  0.03  0.00  1.00  0.05  0.00  0.00  0.00  0.00  0.00  0.00  0.00  0.00  0.00  0.00  0.00  0.00  0.00  0.07  0.00  0.04  0.02  0.00  0.00  0.02  0.05  0.00  0.00  0.00  0.00  0.00
38    0.00  0.00  0.00  0.01  0.02  0.00  0.00  0.01  0.20  0.00  0.00  0.05  1.00  0.00  0.00  0.00  0.00  0.01  0.01  0.00  0.00  0.02  0.01  0.00  0.00  0.00  0.56  0.06  0.03  0.00  0.04  0.00  0.02  0.00  0.00  0.00  0.00  0.00  0.00
39    0.09  0.02  0.00  0.00  0.00  0.21  0.72  0.00  0.01  0.00  0.97  0.00  0.00  1.00  0.61  0.00  0.00  0.00  0.10  0.00  0.97  0.00  0.00  0.97  0.00  0.01  0.16  0.00  0.28  0.02  0.02  0.00  0.00  0.06  0.00  0.00  0.90  0.97  0.87
40    0.00  0.01  0.00  0.00  0.02  0.88  0.47  0.00  0.01  0.00  0.63  0.00  0.00  0.61  1.00  0.00  0.00  0.00  0.01  0.00  0.63  0.02  0.00  0.63  0.00  0.01  0.11  0.00  0.19  0.01  0.01  0.00  0.00  0.04  0.00  0.00  0.58  0.63  0.57
41    0.00  0.01  0.00  0.00  0.00  0.00  0.00  0.00  0.00  0.00  0.00  0.00  0.00  0.00  0.00  1.00  0.99  0.02  0.00  0.00  0.00  0.00  0.00  0.00  0.00  0.00  0.00  0.00  0.00  0.00  0.01  0.00  0.00  0.00  0.00  0.00  0.00  0.00  0.00
42    0.00  0.00  0.00  0.00  0.00  0.00  0.00  0.00  0.00  0.01  0.00  0.00  0.00  0.00  0.00  0.99  1.00  0.00  0.00  0.00  0.00  0.07  0.00  0.00  0.00  0.00  0.00  0.01  0.00  0.00  0.03  0.00  0.03  0.00  0.02  0.00  0.01  0.00  0.00
43    0.00  0.04  0.00  0.27  0.58  0.00  0.01  0.33  0.00  0.13  0.00  0.00  0.01  0.00  0.00  0.02  0.00  1.00  0.00  0.02  0.01  0.00  0.72  0.00  0.00  0.03  0.18  0.62  0.01  0.13  0.00  0.00  0.07  0.00  0.00  0.00  0.00  0.00  0.00
44    0.99  0.00  0.00  0.02  0.00  0.00  0.01  0.00  0.00  0.00  0.01  0.00  0.01  0.10  0.01  0.00  0.00  0.00  1.00  0.00  0.01  0.00  0.00  0.01  0.00  0.00  0.00  0.00  0.01  0.00  0.00  0.00  0.00  0.00  0.00  0.00  0.01  0.01  0.01
45    0.00  0.05  0.00  0.54  0.02  0.00  0.00  0.01  0.01  0.18  0.00  0.00  0.00  0.00  0.00  0.00  0.00  0.02  0.00  1.00  0.00  0.00  0.00  0.00  0.21  0.03  0.01  0.03  0.00  0.01  0.00  0.00  0.00  0.00  0.00  0.00  0.00  0.00  0.44
46    0.00  0.02  0.00  0.01  0.02  0.21  0.75  0.01  0.01  0.00  1.00  0.00  0.00  0.97  0.63  0.00  0.00  0.01  0.01  0.00  1.00  0.00  0.00  1.00  0.00  0.01  0.17  0.02  0.29  0.03  0.02  0.00  0.00  0.06  0.00  0.00  0.92  1.00  0.89
47    0.00  0.00  0.00  0.01  0.00  0.02  0.00  0.00  0.00  0.00  0.00  0.00  0.02  0.00  0.02  0.00  0.07  0.00  0.00  0.00  0.00  1.00  0.00  0.00  0.00  0.00  0.01  0.00  0.00  0.00  0.00  0.00  0.00  0.00  0.00  0.00  0.00  0.00  0.00
48    0.00  0.00  0.00  0.01  0.00  0.00  0.00  0.00  0.00  0.01  0.00  0.00  0.01  0.00  0.00  0.00  0.00  0.72  0.00  0.00  0.00  0.00  1.00  0.00  0.00  0.00  0.05  0.00  0.00  0.00  0.00  0.00  0.10  0.00  0.00  0.00  0.00  0.00  0.00
49    0.00  0.02  0.00  0.00  0.00  0.21  0.74  0.00  0.01  0.01  1.00  0.00  0.00  0.97  0.63  0.00  0.00  0.00  0.01  0.00  1.00  0.00  0.00  1.00  0.01  0.01  0.17  0.00  0.28  0.02  0.02  0.00  0.00  0.06  0.00  0.00  0.92  1.00  0.89
50    0.00  0.00  0.00  0.50  0.00  0.00  0.00  0.00  0.03  0.83  0.01  0.00  0.00  0.00  0.00  0.00  0.00  0.00  0.00  0.21  0.00  0.00  0.00  0.01  1.00  0.14  0.00  0.01  0.00  0.12  0.00  0.00  0.00  0.00  0.00  0.00  0.00  0.00  0.00
51    0.00  0.00  0.14  0.09  0.04  0.00  0.01  0.02  0.00  0.13  0.01  0.00  0.00  0.01  0.01  0.00  0.00  0.03  0.00  0.03  0.01  0.00  0.00  0.01  0.14  1.00  0.03  0.04  0.02  0.01  0.45  0.00  0.21  0.00  0.00  0.00  0.01  0.01  0.01
52    0.00  0.03  0.01  0.10  0.19  0.04  0.13  0.11  0.14  0.04  0.17  0.07  0.56  0.16  0.11  0.00  0.00  0.18  0.00  0.01  0.17  0.01  0.05  0.17  0.00  0.03  1.00  0.28  0.07  0.12  0.11  0.04  0.01  0.07  0.00  0.21  0.16  0.17  0.15
53    0.00  0.05  0.00  0.39  0.84  0.00  0.02  0.48  0.01  0.21  0.00  0.00  0.06  0.00  0.00  0.00  0.01  0.62  0.00  0.03  0.02  0.00  0.00  0.00  0.01  0.04  0.28  1.00  0.02  0.24  0.01  0.03  0.01  0.00  0.00  0.00  0.00  0.00  0.00
54    0.00  0.01  0.01  0.06  0.01  0.07  0.21  0.02  0.15  0.01  0.29  0.04  0.03  0.28  0.19  0.00  0.00  0.01  0.01  0.00  0.29  0.00  0.00  0.28  0.00  0.02  0.07  0.02  1.00  0.01  0.01  0.01  0.05  0.02  0.00  0.00  0.26  0.28  0.26
55    0.01  0.01  0.00  0.09  0.18  0.00  0.02  0.12  0.16  0.09  0.02  0.02  0.00  0.02  0.01  0.00  0.00  0.13  0.00  0.01  0.03  0.00  0.00  0.02  0.12  0.01  0.12  0.24  0.01  1.00  0.14  0.00  0.02  0.21  0.00  0.33  0.02  0.02  0.02
56    0.01  0.00  0.23  0.00  0.01  0.01  0.01  0.00  0.01  0.00  0.02  0.00  0.04  0.02  0.01  0.01  0.03  0.00  0.00  0.00  0.02  0.00  0.00  0.02  0.00  0.45  0.11  0.01  0.01  0.14  1.00  0.01  0.10  0.04  0.00  0.37  0.02  0.02  0.02
57    0.00  0.00  0.00  0.00  0.00  0.00  0.00  0.00  0.00  0.00  0.00  0.00  0.00  0.00  0.00  0.00  0.00  0.00  0.00  0.00  0.00  0.00  0.00  0.00  0.00  0.00  0.04  0.03  0.01  0.00  0.01  1.00  0.00  0.00  0.00  0.01  0.00  0.00  0.00
58    0.00  0.00  0.19  0.01  0.00  0.00  0.00  0.00  0.23  0.16  0.00  0.02  0.02  0.00  0.00  0.00  0.03  0.07  0.00  0.00  0.00  0.00  0.10  0.00  0.00  0.21  0.01  0.01  0.05  0.02  0.10  0.00  1.00  0.00  0.87  0.00  0.34  0.00  0.00
61    0.06  0.00  0.00  0.00  0.00  0.01  0.05  0.09  0.00  0.00  0.06  0.05  0.00  0.06  0.04  0.00  0.00  0.00  0.00  0.00  0.06  0.00  0.00  0.06  0.00  0.00  0.07  0.00  0.02  0.21  0.04  0.00  0.00  1.00  0.00  0.09  0.06  0.06  0.06
62    0.00  0.00  0.18  0.00  0.00  0.00  0.00  0.00  0.00  0.00  0.00  0.00  0.00  0.00  0.00  0.00  0.02  0.00  0.00  0.00  0.00  0.00  0.00  0.00  0.00  0.00  0.00  0.00  0.00  0.00  0.00  0.00  0.87  0.00  1.00  0.00  0.38  0.00  0.00
63    0.00  0.00  0.00  0.00  0.00  0.00  0.00  0.00  0.00  0.00  0.00  0.00  0.00  0.00  0.00  0.00  0.00  0.00  0.00  0.00  0.00  0.00  0.00  0.00  0.00  0.00  0.21  0.00  0.00  0.33  0.37  0.01  0.00  0.09  0.00  1.00  0.00  0.00  0.00
64    0.00  0.02  0.07  0.00  0.00  0.20  0.69  0.00  0.01  0.00  0.92  0.00  0.00  0.90  0.58  0.00  0.01  0.00  0.01  0.00  0.92  0.00  0.00  0.92  0.00  0.01  0.16  0.00  0.26  0.02  0.02  0.00  0.34  0.06  0.38  0.00  1.00  0.92  0.83
65    0.00  0.02  0.01  0.00  0.00  0.21  0.74  0.00  0.01  0.00  1.00  0.00  0.00  0.97  0.63  0.00  0.00  0.00  0.01  0.00  1.00  0.00  0.00  1.00  0.00  0.01  0.17  0.00  0.28  0.02  0.02  0.00  0.00  0.06  0.00  0.00  0.92  1.00  0.89
67    0.00  0.04  0.00  0.19  0.00  0.19  0.67  0.00  0.01  0.00  0.89  0.00  0.00  0.87  0.57  0.00  0.00  0.00  0.01  0.44  0.89  0.00  0.00  0.89  0.00  0.01  0.15  0.00  0.26  0.02  0.02  0.00  0.00  0.06  0.00  0.00  0.83  0.89  1.00
2024-06-29 20:26:34,243 - INFO - Ma trận dự đoán:
2024-06-29 20:26:34,289 - INFO -                49          50     51     52     53     54   55     56   57     58    59     60   62    63    64     65    66     67    68      69     70     71     72          73     74     75          76     77     78    79    80     81     85    86     87    88    90     91    95    103   105   106   107  108   114   116   118    121   122  123    128    131    132   134    135    136   137   138   139   140    141   142    143   144    145    146   147     149  156   160  162   167    168   169   170   171   172   174  175  178   179   181   192   197   198  205  209   211   212   213   214   217    219   221  222   223  224   226    227   228
User                                                                                                                                                                                                                                                                                                                                                                                                                                                                                                                                                                                                                                                                          
17     101.000000   51.000000    NaN  108.0    NaN   14.0  NaN    9.0  8.0  147.0  11.0  178.0  NaN   NaN   NaN    NaN  10.0   75.0   NaN     8.0   89.0    4.0    8.0   26.000000    NaN   44.0  162.500000   42.0    NaN  18.0   NaN  524.0  180.0  12.0    NaN  24.0  86.0  144.0  38.0    4.0   NaN  19.0  56.0  5.0   NaN  27.0   NaN    4.0   NaN  NaN    NaN  140.0   94.0  12.0    NaN    NaN   NaN   NaN   NaN   NaN    NaN   4.0    NaN  28.0  173.0    NaN  28.0  2344.0  5.0  10.0  NaN   NaN   14.0   6.0   5.0  35.0  15.0   NaN  NaN  NaN   NaN  10.0   NaN   NaN   NaN  NaN  5.0   NaN  23.0  67.0  12.0   NaN    NaN   NaN  NaN   NaN  NaN   NaN    8.0  20.0
25       7.000000   93.000000   15.0    NaN  165.0   19.0  9.0    7.0  5.0    8.0  17.0    8.0  NaN   5.0  24.0  284.0  21.0  136.0  66.0  2336.0  130.0  156.0  109.0   23.000000    4.0   10.0   42.000000    8.0  230.0  18.0   NaN  258.0  180.0   NaN  101.0   8.0  47.0    NaN   NaN  135.0  13.0   NaN   9.0  5.0  81.0   8.0  30.0   14.0   6.0  8.0  788.0   38.0   94.0   NaN    6.0   19.0  10.0  12.0  46.0  12.0  284.0  41.0  290.0  28.0    8.0  144.0  22.0    70.0  5.0   NaN  8.0   8.0    NaN  16.0   NaN  35.0   NaN   NaN  4.0  8.0  40.0   NaN  25.0  14.0  16.0  8.0  4.0  16.0   NaN   4.0   NaN   NaN   18.0  14.0  8.0  20.0  NaN  10.0    NaN   NaN
26       8.000000  208.000000    8.0    NaN   32.0  152.0  NaN   68.0  7.0   34.0   NaN    7.0  NaN   5.0   NaN    8.0   9.0   14.0  14.0     8.0    7.0   78.0   17.0   11.000000    4.0   44.0   14.000000   42.0   10.0  18.0  16.0  524.0    NaN  12.0    8.0   NaN  86.0  144.0  38.0  169.0   NaN  19.0  32.0  5.0  81.0   NaN  21.0   14.0  28.0  8.0  788.0    5.0  300.0  82.0  105.0  142.0   NaN   NaN   NaN   NaN    NaN  49.0    NaN  28.0    NaN   94.0  84.0  2344.0  NaN   NaN  8.0  45.0   59.0   8.0  26.0  35.0  15.0   NaN  NaN  NaN   NaN  10.0  25.0   NaN   NaN  8.0  4.0   NaN   NaN   NaN  12.0   NaN   18.0  20.0  NaN   NaN  4.0   NaN  305.0  20.0
27      38.000000   89.000000   15.0    NaN  204.0   25.0  9.0    4.0  5.0  271.0  11.0  132.0  NaN   6.0   NaN  100.0  30.0  136.0  56.0     NaN  200.0  168.0   63.0  138.000000    4.0  168.0   50.000000    8.0  120.0   NaN  16.0  262.0    NaN   NaN   72.0   8.0  48.0  144.0   NaN   82.0  13.0  19.0   9.0  5.0  81.0   8.0  21.0   24.0  10.0  NaN  788.0   17.0  131.0  19.0    5.0  142.0  10.0  12.0  46.0  12.0  284.0  18.0  290.0  28.0   16.0  264.0  25.0  3222.0  5.0   NaN  8.0  13.0   59.0   9.0  27.0  35.0  15.0   NaN  4.0  NaN  40.0  10.0   NaN  14.0  16.0  8.0  4.0   NaN  23.0  73.0   NaN   NaN   18.0  20.0  8.0   7.0  4.0  10.0    NaN   NaN
28      44.000000   89.000000   16.0    NaN  209.0   19.0  9.0    8.0  5.0  105.0  17.0   36.0  NaN   8.0   NaN   66.0  25.0  130.0  64.0     8.0   86.0  114.0   58.0  592.000000    4.0    NaN   53.000000    8.0  230.0  18.0   NaN   99.0    NaN   NaN   77.0   8.0  24.0    NaN  38.0   76.0  13.0   NaN   9.0  5.0  81.0   8.0   NaN   29.0  14.0  NaN  788.0   40.0   94.0   NaN    6.0  127.0  10.0  12.0  46.0  12.0  284.0  39.0  290.0  28.0    8.0  144.0  17.0     NaN  5.0   NaN  8.0  14.0  332.0  22.0  27.0  35.0   NaN   NaN  4.0  8.0  40.0   NaN   NaN  14.0  16.0  8.0  4.0   NaN   NaN   NaN  12.0  24.0   18.0  14.0  8.0  16.0  NaN   8.0  109.0  20.0
29      50.000000   82.000000  228.0  108.0   24.0   24.0  NaN    8.0  5.0   59.0  17.0    8.0  NaN   5.0   NaN    8.0  14.0   14.0   NaN     8.0   21.0    6.0  116.0    5.000000   38.0   10.0   62.000000  149.0  230.0  18.0   NaN   99.0  180.0   NaN    NaN  24.0  24.0    NaN  38.0  326.0  13.0   NaN   9.0  NaN  81.0  30.0  30.0  156.0   NaN  8.0  788.0    NaN    NaN   NaN    8.0    8.0  10.0   NaN   NaN   NaN    NaN  80.0  290.0   NaN    NaN  144.0  31.0    70.0  NaN  10.0  NaN  10.0  332.0  22.0   NaN   NaN   NaN   NaN  4.0  8.0   NaN   NaN  25.0   NaN   NaN  NaN  5.0  16.0   NaN   4.0  12.0  24.0   18.0  14.0  8.0   NaN  NaN   6.0    4.0  20.0
30     258.000000   77.000000  178.0  108.0   42.0   22.0  9.0    9.0  5.0   26.0  17.0    7.0  NaN   5.0   NaN   28.0  16.0   95.0  49.0     8.0    6.0    6.0  120.0    6.000000    4.0   10.0   78.000000  151.0  230.0  17.0  16.0  241.0  180.0   NaN   31.0  24.0  45.0    NaN  38.0  285.0  13.0   NaN   9.0  5.0  81.0  24.0  30.0  145.0   6.0  8.0  788.0   79.0  197.0  12.0   34.0   12.0  10.0  12.0  46.0  12.0  284.0  72.0  290.0  28.0   63.0  186.0  31.0   113.0  5.0  10.0  8.0   9.0  332.0  16.0  27.0  35.0   NaN   NaN  4.0  8.0  40.0   NaN  25.0  14.0  16.0  8.0  5.0  16.0  23.0   5.0  12.0  24.0   18.0  17.0  8.0  20.0  NaN  10.0   22.0  20.0
33      41.000000   88.000000   16.0  108.0  209.0   19.0  9.0    8.0  6.0   94.0   NaN   36.0  NaN   7.0   NaN   67.0  25.0  136.0  64.0     NaN   14.0  112.0   59.0  316.000000    4.0   44.0   63.000000    8.0  230.0   NaN   NaN  524.0    NaN  12.0   77.0  22.0  86.0  144.0   NaN   77.0  13.0  19.0  25.0  5.0  81.0  17.0   NaN   32.5  13.0  NaN  788.0   42.0   94.0  66.0    6.0  128.0  10.0  12.0  46.0  12.0  284.0  38.0  290.0  28.0    8.0  144.0  20.0  2344.0  5.0  10.0  8.0  13.0   44.0  18.0  20.0  35.0  15.0   NaN  4.0  NaN  40.0  10.0   NaN  14.0  16.0  8.0  4.0   NaN   NaN   NaN   NaN   NaN   18.0  16.0  8.0  16.0  NaN  10.0    8.0   NaN
34       8.666667   88.000000   24.0    NaN   29.0   88.0  NaN   71.0  6.0   48.0  17.0   35.0  NaN   8.0   NaN    8.0  14.0  129.0  66.0     8.0   25.0   18.0  154.0   24.000000    4.0  280.0   35.000000   19.0   10.0  24.0  16.0    NaN  180.0   NaN    8.0   8.0   NaN  144.0  38.0   12.0  13.0  19.0   9.0  NaN  81.0   8.0  21.0  140.0  31.0  8.0  788.0    5.0  300.0  12.0  202.0   97.0   NaN   NaN   NaN   NaN    NaN  72.0    NaN  28.0    8.0  626.0  28.0    70.0  5.0   NaN  8.0   8.0  196.0   9.0   NaN   NaN  15.0   NaN  NaN  8.0   NaN  10.0  25.0  14.0  16.0  8.0  4.0  16.0   NaN   4.0  12.0   NaN   18.0  20.0  NaN   6.0  4.0  10.0  318.0  20.0
35       6.000000   85.000000   16.0    NaN  139.0   19.0  9.0   28.0  7.0  293.0   NaN    8.0  NaN   5.0   NaN   63.0  25.0  136.0  46.0   470.0  154.0   48.0   52.0   11.500000    5.0  275.0   56.000000    8.0   10.0  18.0  16.0  251.0    NaN   NaN   61.0   8.0  46.0    NaN   NaN   69.0   NaN  19.0   9.0  5.0  81.0   8.0  23.0   19.0  27.0  NaN  788.0   17.0  157.0  21.0    4.0  277.0  10.0  12.0  46.0  12.0  284.0  22.0  290.0  28.0    8.0  198.0  47.0     NaN  5.0   NaN  8.0  28.0    NaN  12.0  27.0  35.0   NaN   NaN  4.0  NaN  40.0   NaN   NaN  14.0  16.0  8.0  4.0  16.0   NaN   NaN   NaN   NaN   18.0  18.0  8.0   7.0  4.0   8.0   10.0   NaN
36    1132.000000   78.000000  177.0  108.0   24.0   24.0  9.0    9.0  5.0   35.0  17.0    7.0  NaN   5.0   NaN   37.0  14.0   75.0  14.0     8.0   20.0    7.0  117.0    5.000000    4.0   10.0   74.000000  152.0  227.0   5.0  16.0    NaN  180.0   NaN    8.0  24.0   NaN    NaN  38.0  309.0  13.0   NaN   9.0  NaN  81.0  24.0  30.0  153.0   6.0  8.0  788.0   99.0  163.0  12.0    8.0    8.0   NaN  12.0  46.0  12.0  284.0  76.0    NaN   NaN  173.0  160.0  31.0   102.0  5.0  10.0  NaN   8.0  332.0   NaN  27.0   NaN   NaN   NaN  NaN  8.0   NaN   NaN  25.0   NaN   NaN  NaN  5.0  16.0  23.0   5.0  12.0  24.0   18.0  14.0  NaN  20.0  NaN   9.0   31.0  20.0
37      53.000000   67.000000    8.0  108.0   26.0  132.0  NaN    5.0  6.0   24.0   NaN   36.0  NaN   8.0   NaN    8.0  10.0  136.0   NaN     NaN   39.0   30.0    5.0   60.000000    4.0   79.0    6.000000   29.0   10.0   NaN  16.0  524.0    NaN  12.0    8.0  24.0  86.0  144.0   NaN  256.0   NaN  19.0  25.0  5.0  81.0  24.0  21.0   50.0  32.0  NaN  788.0   73.0  197.0  34.0    7.0  142.0   NaN   NaN   NaN   NaN    NaN  72.0    NaN  28.0    NaN  126.0  88.0  2344.0  5.0  10.0  8.0   8.0   53.0   7.0   5.0  35.0  15.0   NaN  NaN  NaN   NaN  10.0   NaN   NaN   NaN  8.0  4.0   NaN   NaN   NaN   NaN   NaN   18.0  20.0  NaN   NaN  4.0   NaN    8.0   NaN
38      61.000000  105.000000    8.0    NaN   24.0   23.0  NaN    8.0  6.0   25.0  11.0   36.0  NaN  10.0   NaN    8.0  14.0   14.0  66.0     8.0   35.0   25.0  169.0    4.000000  263.0  292.0   19.000000    8.0   10.0  18.0  16.0  241.0    NaN   NaN   11.0   NaN  45.0    NaN  38.0  243.0   NaN  19.0   9.0  5.0  81.0   NaN  21.0  125.0  34.0  NaN  788.0    8.0  300.0  16.0   59.0  142.0  10.0   NaN   NaN   NaN    NaN  79.0  290.0  28.0   32.0  563.0  22.0  3222.0  NaN   NaN  8.0   8.0  332.0  18.0   NaN  35.0   NaN   NaN  4.0  NaN  40.0   NaN   NaN  14.0  16.0  8.0  4.0   NaN  23.0  73.0  12.0   NaN   18.0  16.0  8.0   NaN  4.0   NaN  318.0  20.0
39     780.000000   77.000000  177.0  108.0   24.0   16.0  9.0    9.0  6.0   36.0  16.0    8.0  NaN   5.0   NaN   39.0  14.0   75.0  14.0     8.0   20.0    6.0  116.0    5.000000    4.0   10.0   72.000000  152.0  227.0  18.0  16.0    NaN  180.0  12.0    8.0  24.0   NaN    NaN  38.0  210.0  13.0   NaN  20.0  NaN  81.0  24.0  30.0  119.0   6.0  8.0  788.0   95.0  163.0  12.0   19.0    8.0   NaN  12.0  46.0  12.0  284.0  51.0    NaN   NaN  173.0  161.0  31.0    70.0  5.0  10.0  NaN   8.0   72.0   6.0   7.0   NaN   NaN   NaN  NaN  8.0   NaN   NaN  25.0   NaN   NaN  NaN  5.0  16.0  23.0   4.0  12.0  24.0   18.0  14.0  NaN  20.0  NaN   9.0    5.0  20.0
40     208.000000   78.000000  254.0  108.0   24.0   24.0  9.0    8.0  5.0   29.0  17.0    7.0  NaN   5.0   NaN   31.0  14.0   75.0  14.0     8.0   20.0    6.0  116.0    5.000000   16.0   10.0   75.000000  151.0  225.0  17.0  16.0   99.0  180.0   NaN    8.0  24.0  24.0    NaN  38.0  300.0  13.0   NaN   9.0  NaN  81.0  26.0  30.0  151.0   6.0  8.0  788.0   73.0  197.0  12.0   24.0    8.0  10.0  12.0  46.0  12.0  284.0  74.0  290.0   NaN  173.0  168.0  31.0   121.0  5.0  10.0  NaN   9.0  332.0  22.0  27.0   NaN   NaN   NaN  4.0  8.0   NaN   NaN  25.0   NaN   NaN  NaN  5.0  16.0  23.0   5.0  12.0  24.0   18.0  14.0  8.0  20.0  NaN   7.0    8.0  20.0
41       8.000000  213.000000    NaN    NaN  270.0   24.0  9.0    8.0  NaN  261.0   NaN    NaN  NaN   NaN  24.0  284.0   5.0   14.0  14.0  2336.0    NaN    NaN   23.0  165.000000   32.0   11.0         NaN    8.0    NaN  18.0   NaN    NaN    NaN   NaN  196.0   NaN   NaN    NaN  38.0    NaN   NaN   NaN   NaN  NaN   NaN   NaN   NaN    NaN   6.0  NaN    NaN    NaN    NaN   NaN    9.0   19.0   NaN  12.0  46.0  12.0   48.0   NaN    NaN   8.0    NaN    NaN   NaN     NaN  NaN   NaN  NaN   8.0  332.0   NaN   NaN   NaN   NaN   NaN  NaN  NaN  40.0   NaN   NaN   NaN   NaN  NaN  NaN   NaN   NaN   NaN  12.0   NaN    NaN  14.0  NaN  20.0  NaN   8.0   13.0  20.0
42      14.000000  213.000000    8.0    NaN   32.0   24.0  NaN    8.0  7.0  166.0   NaN    NaN  NaN   NaN  24.0    NaN   5.0   14.0  14.0   470.0    6.0   48.0   12.0   58.000000   32.0   11.0         NaN    NaN    NaN  18.0   NaN    NaN    NaN   NaN  196.0   NaN   NaN    NaN  38.0   20.0   NaN   NaN   NaN  NaN   NaN   NaN   NaN    NaN  28.0  NaN    NaN   18.0    NaN   NaN    9.0    NaN   NaN   NaN   NaN   NaN   48.0   NaN    NaN   8.0    8.0   91.0   NaN     NaN  NaN   NaN  NaN   NaN  332.0   NaN   NaN   NaN   NaN   NaN  NaN  NaN   NaN   NaN   NaN  14.0  16.0  NaN  NaN   NaN   NaN   NaN  12.0   NaN    NaN   NaN  NaN   NaN  4.0   8.0   10.0  20.0
43      49.000000   90.000000   16.0    NaN  270.0   19.0  9.0    7.0  7.0   26.0   NaN    8.0  NaN   8.0  24.0   58.0  24.0  136.0  64.0  2336.0    9.0  115.0   69.0  246.000000    4.0  292.0   48.000000    8.0  230.0   NaN   NaN  253.0    NaN   NaN   77.0   8.0  46.0    NaN   NaN   89.0  13.0   NaN   9.0  5.0  81.0   8.0   NaN   29.0  20.0  NaN  788.0   39.0   94.0   NaN    6.0  126.0  10.0  12.0  46.0  12.0  205.0  43.0  290.0  28.0    8.0   98.0  17.0     NaN  5.0   NaN  8.0  13.0    NaN  18.0  27.0  35.0   NaN   NaN  4.0  NaN  40.0   NaN   NaN  14.0  16.0  8.0  4.0   NaN   NaN   NaN   NaN   NaN   18.0  16.0  8.0  15.0  4.0  10.0    NaN   NaN
44      39.000000         NaN  131.0    NaN    NaN   14.0  NaN    5.0  8.0    NaN  11.0  194.0  NaN   8.0   NaN    NaN  30.0    NaN   NaN     NaN   90.0  113.0    8.0   96.000000    4.0   10.0  162.000000  176.0  230.0  18.0   NaN    NaN  180.0  12.0    NaN   NaN   NaN    NaN   NaN    4.0  13.0   NaN  56.0  NaN   NaN   NaN  30.0    4.0  34.0  8.0  788.0    NaN    NaN  12.0    5.0   97.0   NaN   NaN   NaN   NaN    NaN   4.0    NaN  28.0  173.0  144.0  28.0  3222.0  NaN   NaN  8.0   NaN   14.0   6.0   5.0   NaN   NaN   NaN  NaN  8.0   NaN   NaN  25.0   NaN   NaN  8.0  5.0  16.0  23.0  73.0   NaN   NaN    NaN  20.0  NaN   NaN  NaN  10.0    8.0   NaN
45      15.000000   88.000000   16.0    NaN  188.0   19.0  9.0   10.0  NaN  425.0   NaN    NaN  NaN   NaN   NaN  238.0  12.0  136.0  40.0     NaN  197.0  144.0   76.0   18.666667    4.0    NaN   34.000000    8.0   10.0   NaN  16.0  241.0    NaN   NaN   54.0   8.0  45.0    NaN   NaN   96.0   NaN   NaN   NaN  5.0  81.0   8.0  21.0    4.0   6.0  NaN    NaN   17.0  197.0  12.0    5.0  666.0  10.0  12.0  46.0  12.0  284.0  19.0  290.0  28.0    8.0  626.0  16.0     NaN  5.0   NaN  8.0  23.0    NaN   9.0  27.0  35.0   NaN   NaN  4.0  NaN  40.0   NaN   NaN  14.0  16.0  8.0  4.0   NaN   NaN   NaN   NaN   NaN   18.0  19.0  8.0   6.0  NaN   NaN    NaN   NaN
46     224.000000   78.000000  177.0  108.0   38.0   22.0  9.0    9.0  5.0   35.0  17.0    7.0  NaN   5.0   NaN   37.0  15.0   87.0  49.0     8.0   20.0    6.0  117.0    5.000000    4.0   10.0   74.000000  152.0  227.0  18.0  16.0  241.0  180.0   NaN   42.0  24.0  45.0    NaN  38.0  294.0  13.0   NaN   9.0  5.0  81.0  23.0  30.0  153.0   6.0  8.0  788.0   91.0  146.0  12.0   19.0    8.0  10.0  12.0  46.0  12.0  284.0  76.0  290.0  28.0   63.0  160.0  31.0   102.0  5.0  10.0  8.0   9.0  332.0  18.0  27.0  35.0   NaN   NaN  4.0  8.0  40.0   NaN  25.0  14.0  16.0  8.0  5.0  16.0  23.0   5.0  12.0  24.0   18.0  14.0  8.0  20.0  NaN   9.0   31.0  20.0
47     129.000000   97.000000    8.0    NaN   24.0    NaN  NaN    8.0  NaN    8.0  17.0   36.0  NaN  10.0   NaN    8.0  22.0    NaN  14.0   470.0  200.0  168.0    7.0   36.000000  392.0   11.0   21.000000    8.0    NaN   NaN   NaN    NaN    NaN   NaN    NaN   NaN   NaN    NaN   NaN  326.0   NaN   NaN   NaN  NaN  81.0   NaN   NaN   24.0  34.0  NaN    NaN    NaN    NaN   NaN    6.0  142.0   NaN   NaN   NaN   NaN    NaN  49.0    NaN  28.0    NaN    NaN  16.0     NaN  NaN   NaN  8.0   8.0    NaN   9.0   NaN   NaN   NaN   NaN  NaN  8.0   NaN   NaN   NaN   NaN   NaN  8.0  4.0   NaN   NaN   NaN   NaN  24.0   18.0  20.0  NaN   NaN  NaN   8.0    9.0   NaN
48      80.000000   97.000000    NaN    NaN  308.0    NaN  NaN    4.0  7.0   51.0   NaN    8.0  NaN  10.0   NaN    8.0  17.0    NaN   NaN     NaN    6.0  108.0  258.0  237.000000    4.0  292.0   21.000000    8.0    NaN   NaN   NaN    NaN    NaN   NaN   77.0   NaN   NaN    NaN   NaN  326.0   NaN   NaN   NaN  NaN  81.0   NaN   NaN   24.0  29.0  NaN    NaN    NaN    NaN   NaN    7.0  142.0   NaN   NaN   NaN   NaN    NaN  70.0    NaN  28.0    NaN   91.0  16.0     NaN  NaN   NaN  8.0   8.0    NaN   9.0   NaN   NaN   NaN   NaN  NaN  NaN  40.0   NaN   NaN   NaN   NaN  8.0  4.0   NaN   NaN   NaN   NaN   NaN   18.0  20.0  NaN   NaN  4.0   NaN    NaN   NaN
49     548.000000   78.000000  178.0  108.0   24.0   24.0  9.0    9.0  5.0   35.0  17.0    7.0  NaN   5.0   NaN   37.0  14.0   75.0  14.0     8.0   19.0    4.0  119.0    5.000000    4.0   10.0   74.000000  152.0  227.0  30.0  16.0    NaN  180.0   NaN    8.0  24.0   NaN    NaN  38.0  309.0  13.0   NaN   9.0  NaN  81.0  24.0  30.0  152.0   6.0  8.0  788.0   99.0  163.0  12.0    8.0    8.0   NaN  12.0  46.0  12.0  284.0  76.0    NaN   NaN  173.0  161.0  31.0   102.0  5.0  10.0  NaN   8.0  332.0   NaN  27.0   NaN   NaN   NaN  NaN  8.0   NaN   NaN  25.0   NaN   NaN  NaN  5.0  16.0  23.0   5.0  12.0  24.0   18.0  14.0  NaN  20.0  NaN   9.0   31.0  20.0
50       6.000000   80.000000    NaN    NaN    NaN    NaN  NaN   19.0  NaN  564.0   NaN    NaN  NaN   NaN   NaN    NaN  25.0  136.0  17.0     NaN  200.0   91.0  118.0   59.000000    4.0    NaN   48.000000    NaN   10.0  18.0  16.0    NaN    NaN   NaN    8.0   8.0   NaN    NaN   NaN   14.0   NaN   NaN   NaN  NaN   NaN   8.0  23.0   18.0   NaN  NaN    NaN   17.0  135.0  12.0    4.0  297.0   NaN   NaN   NaN   NaN    NaN  18.0    NaN  28.0    8.0  626.0   NaN     NaN  5.0   NaN  8.0  48.0    NaN   9.0  27.0   NaN   NaN   NaN  NaN  NaN   NaN   NaN   NaN  14.0  16.0  8.0  4.0  16.0   NaN   NaN   NaN   NaN    NaN  20.0  NaN   6.0  NaN   NaN    NaN   NaN
51       6.000000  206.000000   14.0    NaN   31.0   54.0  NaN   77.0  7.0  564.0  17.0    8.0  NaN   5.0   NaN    8.0  17.0   17.0  14.0     8.0   64.0   82.0   22.0   22.000000    4.0  193.0   38.000000   36.0  230.0  18.0   NaN  241.0  180.0   NaN   77.0   8.0  45.0  144.0  38.0  151.0  13.0   NaN   9.0  5.0  81.0   8.0  30.0   52.0  28.0  8.0  788.0   17.0   94.0  82.0    4.0  273.0  10.0   NaN   NaN   NaN    NaN  34.0  290.0  28.0    8.0   96.0  26.0    70.0  5.0   NaN  8.0  48.0  267.0  13.0  27.0  35.0  15.0   NaN  4.0  8.0  40.0  10.0  25.0  14.0  16.0  8.0  4.0  16.0   NaN   4.0  12.0   NaN   18.0  18.0  8.0   6.0  4.0  10.0  318.0  20.0
52      80.000000   97.000000  103.0  108.0   24.0   22.0  9.0   12.0  5.0    8.0  17.0   29.0  5.0   9.0   NaN    8.0  14.0   78.0  69.0     8.0   10.0    6.0  276.0  100.000000    4.0   27.0   20.666667    8.0  116.0  18.0  16.0  255.0  180.0   NaN   47.0  22.0  47.0  144.0  38.0  326.0  13.0  19.0   9.0  5.0  81.0  16.0  26.0   28.0  33.0  8.0  788.0   14.0  205.0  19.0    8.0   62.0  10.0  12.0  46.0  12.0  284.0  80.0  290.0  28.0   12.0  465.0  16.0    70.0  5.0  10.0  8.0   8.0  309.0  18.0  27.0  35.0  15.0  16.0  4.0  8.0  40.0  10.0  25.0  14.0  16.0  8.0  4.0  16.0   NaN   4.0  12.0  24.0   18.0  16.0  8.0  16.0  4.0   9.0  235.0  20.0
53      45.000000   89.000000   16.0    NaN  193.0   19.0  9.0   10.0  6.0   77.0   NaN   36.0  5.0   9.0   NaN   50.0  23.0  131.0  66.0   239.0   97.0  106.0    9.0  218.000000    5.0  152.0   47.000000    8.0  157.0  18.0  16.0  254.0    NaN   NaN   76.0   8.0  47.0    NaN  38.0   20.0  13.0   NaN   9.0  5.0  81.0   8.0  21.0   29.0  21.0  NaN  788.0   18.0  102.0  12.0    6.0  128.0  10.0  12.0  46.0  12.0  284.0  44.0  290.0  28.0    8.0  126.0  18.0     NaN  5.0   NaN  8.0  12.0  332.0  18.0  27.0  35.0   NaN  16.0  4.0  NaN  40.0   NaN   NaN  14.0  16.0  8.0  4.0   NaN   NaN   NaN  12.0   NaN  110.0  16.0  8.0  15.0  4.0   9.0   86.0  20.0
54     244.000000   81.000000    8.5  108.0   27.0   21.0  9.0    8.0  5.0   35.0  17.0    8.0  5.0   5.0   NaN   42.0  21.0   75.0  40.0     8.0   55.0    6.0   24.0   13.000000    4.0   55.0   15.000000  142.0  138.0  17.0  16.0  382.0  180.0   NaN   12.0  24.0  65.0  144.0  38.0  112.0  13.0  19.0   9.0  5.0  81.0  23.0  27.0  156.0  30.0  8.0  788.0    7.0  287.0  17.0  140.0   33.0  10.0  12.0  46.0  12.0  284.0  51.0  290.0  28.0   19.0  144.0  40.0   179.0  5.0  10.0  8.0  17.0  196.0  11.0  27.0  35.0  15.0  16.0  4.0  8.0  40.0  10.0  25.0  14.0  16.0  8.0  5.0  16.0  23.0   6.0  12.0  24.0  137.0  19.0  8.0  20.0  4.0   9.0    4.0  20.0
55       5.000000   80.000000   16.0  108.0  152.0   22.0  9.0   18.0  6.0  144.0  17.0    8.0  NaN   5.0   NaN   29.0  21.0  136.0  64.0     8.0   94.0    4.0   67.0   48.000000    4.0  151.0   48.000000    8.0   34.0  20.0  16.0  269.0  180.0  12.0   39.0  23.0  49.0    NaN  38.0   17.0  13.0  19.0  32.0  5.0  81.0   8.0  22.0   29.0  21.0  8.0  788.0  140.0   94.0  14.0  119.0  118.0  10.0  12.0  46.0  12.0  284.0  53.0  290.0  28.0    8.0  567.0  26.0   828.0  5.0  10.0  8.0  12.0  311.0  18.0  16.0  35.0   NaN   NaN  4.0  8.0  40.0   NaN  25.0  14.0  16.0  8.0  4.0  16.0   NaN   4.0  12.0   NaN   18.0  16.0  8.0  13.0  4.0  10.0  297.0  20.0
56      10.000000  213.333333  131.0  108.0   28.0   24.0  NaN   56.0  7.0  261.0  17.0   26.0  5.0   9.0  24.0    8.0  11.0   14.0  14.0     8.0    6.0   63.0   23.0    4.000000   21.0  119.0   36.000000   31.0  120.0  18.0  16.0   99.0  180.0  12.0  102.0  24.0  24.0  144.0  38.0  301.0  13.0   NaN  32.0  NaN  81.0  13.0  27.0   39.0  30.0  8.0  788.0  132.0  108.0  79.0    8.0    8.0  10.0   NaN   NaN   NaN   48.0  80.0  290.0   8.0   24.0   96.0  18.0   828.0  5.0  10.0  NaN  40.0  332.0  14.0  27.0   NaN  15.0  16.0  4.0  8.0   NaN  10.0  25.0  14.0  16.0  NaN  4.0  16.0   NaN   4.0  12.0  24.0   98.0  14.0  8.0   NaN  4.0   8.0  318.0  20.0
57      66.000000    7.000000    8.0    NaN   24.0   24.0  NaN   10.0  5.0   59.0   NaN    NaN  5.0   5.0   NaN    8.0  14.0   14.0  87.0     8.0    4.0    NaN  162.0  151.000000    NaN    NaN   21.000000    8.0    NaN  18.0   NaN    NaN    NaN   NaN    NaN   NaN   NaN    NaN  38.0  195.0   NaN   NaN   9.0  NaN  81.0   NaN   NaN   29.0   NaN  NaN  788.0   18.0    NaN   NaN    8.0    NaN   NaN   NaN   NaN   NaN    NaN  80.0    NaN   NaN   40.0  144.0  21.0     NaN  NaN   NaN  NaN   8.0  332.0   NaN   NaN   NaN   NaN  16.0  NaN  NaN   NaN   NaN   NaN  14.0  16.0  NaN  4.0   NaN   NaN   NaN  12.0   NaN  972.0   NaN  NaN   NaN  NaN   NaN    8.0  20.0
58      18.000000  191.000000    8.0    NaN   32.0  108.0  NaN  108.0  7.0   72.0   NaN   13.0  NaN   6.0   NaN    8.0   9.0   34.0  14.0   115.0    6.0   49.0  114.0   17.000000   25.0  292.0   27.000000   33.0   10.0  18.0  16.0    NaN    NaN   NaN   24.0   NaN   NaN  144.0  38.0   12.0   NaN  19.0   9.0  NaN  81.0   8.0  21.0   34.0  28.0  NaN  788.0   16.0  284.0  44.0  121.0  142.0   NaN   NaN   NaN   NaN    NaN  49.0    NaN  28.0    8.0   91.0  54.0     NaN  5.0   NaN  8.0  46.0  153.0   9.0  27.0   NaN  15.0   NaN  NaN  NaN  40.0  10.0   NaN  14.0  16.0  8.0  4.0   NaN   NaN   NaN  12.0   NaN   18.0  20.0  NaN   NaN  4.0   8.0  247.0  20.0
61      16.000000   24.000000  172.0  108.0   24.0   17.0  NaN   15.0  7.0  100.0  17.0    7.0  NaN   5.0   NaN    8.0  12.0  116.0   NaN     8.0   11.0    4.0  163.0  128.000000    4.0   10.0  226.000000   86.0  230.0  17.0   NaN  524.0  180.0  12.0    NaN  24.0  86.0    NaN  38.0  177.0  13.0  19.0  44.0  5.0  81.0  30.0  30.0   21.0   NaN  8.0  788.0  140.0   94.0  22.0    8.0    8.0   NaN   NaN   NaN   NaN    NaN  80.0    NaN  28.0    NaN  144.0  22.0  1207.0  5.0  10.0  NaN   8.0  141.0   6.0   5.0  35.0   NaN   NaN  NaN  8.0   NaN   NaN  25.0   NaN   NaN  NaN  4.0  16.0   NaN   4.0  12.0  24.0   18.0   NaN  NaN   NaN  NaN   9.0  132.0  20.0
62      24.000000         NaN    NaN    NaN   32.0  152.0  NaN  106.0  7.0   65.0   NaN    NaN  NaN   NaN   NaN    NaN   9.0    NaN  14.0   470.0    6.0    NaN    NaN         NaN   32.0   14.0         NaN   42.0    NaN   NaN   NaN    NaN    NaN   NaN    NaN   NaN   NaN  144.0   NaN    NaN   NaN   NaN   NaN  NaN   NaN   NaN   NaN   14.0  28.0  NaN    NaN    NaN    NaN  82.0    NaN    NaN   NaN   NaN   NaN   NaN    NaN   NaN    NaN   NaN    NaN   91.0   NaN     NaN  NaN   NaN  NaN   NaN   59.0   NaN   NaN   NaN  15.0   NaN  NaN  NaN   NaN  10.0   NaN   NaN   NaN  NaN  NaN   NaN   NaN   NaN   NaN   NaN    NaN   NaN  NaN   NaN  4.0   8.0   10.0   NaN
63       8.000000   18.000000    NaN  108.0   24.0   24.0  NaN   18.0  NaN  169.0   NaN    NaN  5.0   NaN   NaN    8.0  14.0   72.0  87.0     8.0    4.0    4.0  115.0   25.000000    NaN    NaN   37.000000    8.0    NaN  18.0   NaN    NaN    NaN   NaN    NaN  24.0   NaN    NaN  38.0  326.0   NaN   NaN   NaN  NaN  81.0  13.0   NaN   29.0   NaN  NaN    NaN  140.0   94.0   NaN    8.0    NaN   NaN   NaN   NaN   NaN    NaN  80.0    NaN   NaN   40.0    NaN  16.0     NaN  5.0  10.0  NaN   8.0  332.0   NaN   NaN   NaN   NaN  16.0  NaN  NaN   NaN   NaN   NaN   NaN   NaN  NaN  4.0   NaN   NaN   NaN  12.0   NaN   61.0   NaN  NaN   NaN  NaN   NaN  310.0  20.0
64      24.000000   77.000000  178.0  108.0   29.0  124.0  9.0   65.0  6.0   52.0  17.0    7.0  NaN   5.0   NaN   39.0  12.0   75.0  14.0   162.0    6.0    6.0  120.0    5.000000    4.0   10.0   77.000000  151.0  227.0  18.0  16.0    NaN  180.0   NaN    8.0  24.0   NaN  144.0  38.0  308.0  13.0   NaN   9.0  NaN  81.0  24.0  30.0  126.0  27.0  8.0  788.0   95.0  163.0  73.0   19.0    8.0   NaN  12.0  46.0  12.0  284.0  76.0    NaN   NaN  173.0  114.0  31.0   105.0  5.0  10.0  NaN   8.0  120.0   NaN  27.0   NaN  15.0   NaN  NaN  8.0   NaN  10.0  25.0   NaN   NaN  NaN  5.0  16.0  23.0   5.0  12.0  24.0   18.0  14.0  NaN  20.0  4.0   9.0   33.0  20.0
65    2946.000000   78.000000  178.0  108.0   24.0   67.0  9.0    9.0  5.0   35.0  17.0    7.0  NaN   5.0   NaN   37.0  14.0   75.0  14.0     8.0   19.0    6.0  119.0    5.000000    4.0   10.0   74.000000  176.0  227.0  18.0  16.0    NaN  180.0   NaN    8.0  24.0   NaN  144.0  38.0  309.0  13.0   NaN   9.0  NaN  81.0  24.0  30.0  152.0   6.0  8.0  788.0   95.0  163.0  47.0   19.0    8.0   NaN  12.0  46.0  12.0  284.0  76.0    NaN   NaN  173.0  161.0  31.0   102.0  5.0  10.0  NaN   8.0  241.0   NaN  27.0   NaN  15.0   NaN  NaN  8.0   NaN  10.0  25.0   NaN   NaN  NaN  5.0  16.0  23.0   5.0  12.0  24.0   18.0  14.0  NaN  20.0  NaN   9.0   31.0  20.0
67      16.000000   76.000000  177.0  108.0   24.0   24.0  9.0    6.0  5.0   38.0  17.0    7.0  NaN   5.0   NaN   66.0  17.0   75.0  14.0     8.0   20.0    6.0  116.0    5.000000    4.0   10.0   79.000000  152.0  227.0  18.0  16.0    NaN  180.0   NaN    8.0  10.0   NaN    NaN  38.0  306.0  13.0   NaN   9.0  NaN  81.0  24.0  30.0   60.0   6.0  8.0  788.0   95.0  163.0  12.0    6.0    8.0   NaN  12.0  46.0  12.0  284.0  45.0    NaN  28.0  173.0  162.0  31.0   106.0  5.0  10.0  8.0   8.0  332.0   9.0  27.0   NaN   NaN   NaN  NaN  8.0   NaN   NaN  25.0   NaN   NaN  8.0  5.0  16.0  23.0   5.0  12.0  24.0   18.0  19.0  NaN   7.0  NaN   9.0   34.0  20.0
2024-06-29 20:26:34,450 - INFO - Các cặp (user, item) bị trùng lặp:
2024-06-29 20:26:34,451 - INFO -       user  item  rating
27      17    76    15.0
28      17    76   310.0
178     17   227     5.0
179     17   227    11.0
268     25   136    18.0
269     25   136    20.0
898     29    49    88.0
899     29    49    12.0
1078    30    49   302.0
1079    30    49   214.0
1330    33   121    23.0
1331    33   121    42.0
1438    34    49     4.0
1439    34    49     5.0
1440    34    49    17.0
1643    35    73    18.0
1644    35    73     5.0
2001    37    72     5.0
2002    37    72     5.0
3433    45    71    12.0
3434    45    71   276.0
3436    45    73    19.0
3437    45    73    32.0
3438    45    73     5.0
4331    50    71     8.0
4332    50    71   174.0
4498    51    58     8.0
4499    51    58  1120.0
4509    51    68    20.0
4510    51    68     8.0
4670    52    49   116.0
4671    52    49    44.0
4672    52    50    20.0
4673    52    50   174.0
4699    52    76    10.0
4700    52    76    14.0
4701    52    76    38.0
4876    53    72     8.0
4877    53    72    10.0
4878    53    73   186.0
4879    53    73   250.0
5036    54    51    12.0
5037    54    51     5.0
5394    56    50    88.0
5395    56    50     4.0
5396    56    50   548.0
5418    56    72    30.0
5419    56    72    16.0
5775    58    70     4.0
5776    58    70     8.0
6292    61    49     8.0
6293    61    49    24.0
6294    61    50    36.0
6295    61    50    12.0
2024-06-29 20:26:34,490 - INFO - Mean RMSE: 335.70299644579035
2024-06-29 20:26:34,490 - INFO - Mean MAE: 112.17806876225158
2024-06-29 20:26:34,490 - INFO - Thời gian thực thi: 0:00:00.473683
2024-06-29 20:26:34,590 - INFO - Đã lưu file gợi ý: result/4_prediction_export.xlsx
