2024-06-24 11:51:18,586 - INFO - Thông tin đầu vào:
2024-06-24 11:51:18,586 - INFO - file_name: datasets/training_user_based.xlsx
2024-06-24 11:51:18,586 - INFO - min_quota: 0
2024-06-24 11:51:18,586 - INFO - k: 2
2024-06-24 11:51:18,594 - INFO - ----------------------------------------------
2024-06-24 11:51:18,594 - INFO - Kết quả thực thi:
2024-06-24 11:51:18,607 - INFO - Không có cặp (user, item) nào bị trùng lặp.
2024-06-24 11:51:18,645 - INFO - Dữ liệu đã được tải từ file: result/1_original_matrix.xlsx
2024-06-24 11:51:18,678 - INFO - Ma trận độ tương tự giữa các user đã được tính toán
2024-06-24 11:51:18,678 - INFO - Ma trận gốc:
2024-06-24 11:51:18,678 - INFO -    User    3   12   36   45  290  294  295  296
0     1  NaN  5.0  NaN  NaN  NaN  NaN  NaN  4.0
1     8  NaN  NaN  NaN  NaN  NaN  NaN  5.0  NaN
2    10  NaN  NaN  NaN  NaN  NaN  5.0  NaN  NaN
3    11  NaN  NaN  NaN  NaN  5.0  NaN  NaN  NaN
4    12  5.0  NaN  5.0  5.0  NaN  NaN  NaN  NaN
2024-06-24 11:51:18,678 - INFO - Ma trận độ tương tự cosine:
2024-06-24 11:51:18,688 - INFO - User   1    8    10   11   12
User                         
1     1.0  0.0  0.0  0.0  0.0
8     0.0  1.0  0.0  0.0  0.0
10    0.0  0.0  1.0  0.0  0.0
11    0.0  0.0  0.0  1.0  0.0
12    0.0  0.0  0.0  0.0  1.0
2024-06-24 11:51:18,688 - INFO - Ma trận dự đoán:
2024-06-24 11:51:18,688 - INFO -         3   12   36   45  290  294  295  296
User                                        
1     NaN  5.0  NaN  NaN  NaN  NaN  NaN  4.0
8     NaN  NaN  NaN  NaN  NaN  NaN  5.0  NaN
10    NaN  NaN  NaN  NaN  NaN  5.0  NaN  NaN
11    NaN  NaN  NaN  NaN  5.0  NaN  NaN  NaN
12    5.0  NaN  5.0  5.0  NaN  NaN  NaN  NaN
2024-06-24 11:51:18,745 - INFO - Không có cặp (user, item) nào bị trùng lặp.
2024-06-24 11:51:18,749 - INFO - Mean RMSE: 0.2652308800468336
2024-06-24 11:51:18,749 - INFO - Mean MAE: 0.22380952380952407
2024-06-24 11:51:18,749 - INFO - Thời gian thực thi: 0:00:00.154865
2024-06-24 11:51:18,772 - INFO - Đã lưu file gợi ý: result/4_prediction_export.xlsx
