2024-06-24 11:22:08,807 - INFO - Thông tin đầu vào:
2024-06-24 11:22:08,807 - INFO - file_name: datasets/training_user_based.xlsx
2024-06-24 11:22:08,807 - INFO - min_quota: 0
2024-06-24 11:22:08,807 - INFO - k: 2
2024-06-24 11:22:08,807 - INFO - ----------------------------------------------
2024-06-24 11:22:08,807 - INFO - Kết quả thực thi:
2024-06-24 11:22:08,823 - INFO - Không có cặp (user, item) nào bị trùng lặp.
2024-06-24 11:22:08,855 - INFO - Dữ liệu đã được tải từ file: result/1_original_matrix.xlsx
2024-06-24 11:22:08,887 - INFO - Ma trận độ tương tự giữa các user đã được tính toán
2024-06-24 11:22:08,887 - INFO - Ma trận gốc:
2024-06-24 11:22:08,898 - INFO -    User   12  290  294  295  296
0     1  5.0  NaN  NaN  NaN  4.0
1     8  NaN  NaN  NaN  5.0  NaN
2    10  NaN  NaN  5.0  NaN  NaN
3    11  NaN  5.0  NaN  NaN  NaN
2024-06-24 11:22:08,898 - INFO - Ma trận độ tương tự cosine:
2024-06-24 11:22:08,903 - INFO - User   1    8    10   11
User                    
1     1.0  0.0  0.0  0.0
8     0.0  1.0  0.0  0.0
10    0.0  0.0  1.0  0.0
11    0.0  0.0  0.0  1.0
2024-06-24 11:22:08,903 - INFO - Ma trận dự đoán:
2024-06-24 11:22:08,904 - INFO -        12  290  294  295  296
User                         
1     5.0  NaN  NaN  NaN  4.0
8     NaN  NaN  NaN  5.0  NaN
10    NaN  NaN  5.0  NaN  NaN
11    NaN  5.0  NaN  NaN  NaN
2024-06-24 11:22:08,935 - INFO - Không có cặp (user, item) nào bị trùng lặp.
2024-06-24 11:22:08,939 - INFO - Mean RMSE: 0.4
2024-06-24 11:22:08,939 - INFO - Mean MAE: 0.4
2024-06-24 11:22:08,939 - INFO - Thời gian thực thi: 0:00:00.132127
2024-06-24 11:22:08,950 - INFO - Đã lưu file gợi ý: result/4_prediction_export.xlsx
