2024-06-13 00:13:50,689 - INFO - Thông tin đầu vào:
2024-06-13 00:13:50,689 - INFO - file_name: datasets/training_user_based.xlsx
2024-06-13 00:13:50,689 - INFO - min_quota: 0
2024-06-13 00:13:50,689 - INFO - k: 2
2024-06-13 00:13:50,689 - INFO - ----------------------------------------------
2024-06-13 00:13:50,689 - INFO - Kết quả thực thi:
2024-06-13 00:13:50,778 - INFO - Các cặp (user, item) bị trùng lặp:
2024-06-13 00:13:50,778 - INFO -       user  item  rating
27      17    76    15.0
28      17    76   310.0
178     17   227     5.0
179     17   227    11.0
897     29    49    12.0
898     29    49    88.0
1077    30    49   302.0
1078    30    49   214.0
1329    33   121    23.0
1330    33   121    42.0
1437    34    49     4.0
1438    34    49     5.0
1439    34    49    17.0
1642    35    73    18.0
1643    35    73     5.0
2000    37    72     5.0
2001    37    72     5.0
3432    45    71    12.0
3433    45    71   276.0
3435    45    73     5.0
3436    45    73    19.0
3437    45    73    32.0
4330    50    71     8.0
4331    50    71   174.0
4497    51    58  1120.0
4498    51    58     8.0
4508    51    68    20.0
4509    51    68     8.0
4696    52    76    38.0
4697    52    76    10.0
4698    52    76    14.0
4874    53    73   186.0
4875    53    73   250.0
5032    54    51    12.0
5033    54    51     5.0
5390    56    50    88.0
5391    56    50     4.0
5392    56    50   548.0
5414    56    72    30.0
5415    56    72    16.0
5771    58    70     8.0
5772    58    70     4.0
2024-06-13 00:13:50,813 - INFO - Dữ liệu đã được tải từ file: result/1_original_matrix.xlsx
2024-06-13 00:13:50,823 - INFO - Ma trận độ tương tự giữa các user đã được tính toán
2024-06-13 00:13:50,840 - INFO - Ma trận gốc:
2024-06-13 00:13:50,861 - INFO -     User           49          50     51     53     54   55     56   57     58    59     60   62    63    64     65    66     67    68      69     70     71     72          73     74     75          76    77     78    79     81     85    86     87   88    90     91  103   105   106   107  108  116   118    121   122    128    131    132   134    135    136   141   142    143  144    145    146   147     149  156   167    168  169   170   171   172  175   181  209   211   212   213   214    219   223  224  226    227   228
0     17          NaN         NaN    NaN    NaN   14.0  NaN    NaN  8.0    NaN   NaN    NaN  NaN   NaN   NaN    NaN   NaN    NaN   NaN     NaN    NaN    NaN    NaN         NaN    NaN    NaN  162.500000   NaN    NaN   NaN    NaN    NaN  12.0    NaN  NaN   NaN    NaN  4.0   NaN   NaN  56.0  NaN  NaN   NaN    4.0   NaN    NaN    NaN    NaN  12.0    NaN    NaN   NaN   NaN    NaN  NaN    NaN    NaN  28.0  2344.0  NaN   NaN   14.0  6.0   5.0   NaN   NaN  NaN   NaN  NaN   NaN   NaN   NaN   NaN    NaN   NaN  NaN  NaN    8.0   NaN
1     25     7.000000         NaN    NaN    NaN    NaN  9.0    NaN  NaN    NaN   NaN    NaN  NaN   NaN   NaN  284.0   NaN    NaN   NaN     NaN    NaN    NaN    NaN   23.000000    NaN    NaN         NaN   NaN    NaN   NaN    NaN    NaN   NaN    NaN  NaN   NaN    NaN  NaN   NaN   NaN   NaN  NaN  NaN   NaN    NaN   6.0    NaN    NaN    NaN   NaN    NaN   18.0   NaN   NaN    NaN  NaN    NaN    NaN   NaN     NaN  NaN   NaN    NaN  NaN   NaN   NaN   NaN  NaN   NaN  NaN   NaN   NaN   NaN   NaN    NaN  20.0  NaN  NaN    NaN   NaN
2     26          NaN         NaN    NaN    NaN  152.0  NaN    NaN  NaN   34.0   NaN    NaN  NaN   NaN   NaN    NaN   9.0    NaN   NaN     NaN    NaN    NaN    NaN         NaN    NaN   44.0         NaN  42.0    NaN   NaN    NaN    NaN   NaN    NaN  NaN   NaN  144.0  NaN   NaN   NaN   NaN  NaN  NaN   NaN   14.0   NaN    NaN    NaN    NaN  82.0    NaN    NaN   NaN   NaN    NaN  NaN    NaN    NaN   NaN     NaN  NaN   NaN   59.0  NaN   NaN   NaN  15.0  NaN  10.0  NaN   NaN   NaN   NaN   NaN    NaN   NaN  NaN  NaN    NaN   NaN
3     27          NaN         NaN    NaN    NaN    NaN  NaN    4.0  NaN    NaN   NaN    NaN  NaN   NaN   NaN    NaN  30.0    NaN   NaN     NaN  200.0  168.0    NaN  138.000000    4.0    NaN         NaN   NaN    NaN   NaN    NaN    NaN   NaN    NaN  NaN   NaN    NaN  NaN   NaN   NaN   NaN  NaN  NaN   NaN   24.0   NaN    NaN    NaN    NaN   NaN    5.0    NaN   NaN   NaN    NaN  NaN    NaN    NaN   NaN     NaN  NaN   NaN    NaN  9.0   NaN   NaN   NaN  NaN   NaN  NaN   NaN   NaN   NaN   NaN    NaN   NaN  NaN  NaN    NaN   NaN
4     28          NaN         NaN   16.0    NaN    NaN  NaN    NaN  NaN    NaN   NaN    NaN  NaN   NaN   NaN    NaN   NaN    NaN   NaN     NaN    NaN    NaN    NaN  592.000000    NaN    NaN         NaN   NaN    NaN   NaN   99.0    NaN   NaN    NaN  NaN  24.0    NaN  NaN   NaN   NaN   NaN  NaN  NaN   NaN    NaN   NaN    NaN    NaN    NaN   NaN    NaN    NaN   NaN   NaN  290.0  NaN    NaN    NaN   NaN     NaN  NaN   NaN    NaN  NaN   NaN   NaN   NaN  4.0   NaN  NaN   NaN   NaN   NaN   NaN    NaN   NaN  NaN  NaN    NaN   NaN
5     29    50.000000         NaN  228.0    NaN    NaN  NaN    NaN  NaN    NaN   NaN    NaN  NaN   NaN   NaN    NaN   NaN    NaN   NaN     NaN    NaN    NaN    NaN         NaN    NaN    NaN         NaN   NaN    NaN   NaN    NaN    NaN   NaN    NaN  NaN   NaN    NaN  NaN   NaN   NaN   NaN  NaN  NaN   NaN    NaN   NaN    NaN    NaN    NaN   NaN    NaN    NaN   NaN   NaN    NaN  NaN    NaN    NaN   NaN     NaN  NaN   NaN    NaN  NaN   NaN   NaN   NaN  NaN   NaN  NaN   NaN   NaN   NaN   NaN    NaN   NaN  NaN  6.0    4.0   NaN
6     30   258.000000         NaN    NaN    NaN    NaN  NaN    NaN  NaN    NaN   NaN    NaN  NaN   NaN   NaN    NaN   NaN    NaN   NaN     NaN    6.0    NaN    NaN    6.000000    NaN    NaN         NaN   NaN  230.0   NaN    NaN    NaN   NaN    NaN  NaN   NaN    NaN  NaN  13.0   NaN   NaN  NaN  NaN   NaN    NaN   NaN    NaN    NaN    NaN   NaN    NaN    NaN   NaN   NaN    NaN  NaN    NaN    NaN   NaN     NaN  NaN   NaN    NaN  NaN   NaN   NaN   NaN  NaN   NaN  NaN   NaN   NaN   NaN   NaN    NaN   NaN  NaN  NaN    NaN   NaN
7     33          NaN         NaN    NaN    NaN   19.0  NaN    NaN  NaN    NaN   NaN    NaN  NaN   NaN   NaN    NaN   NaN    NaN   NaN     NaN   14.0    NaN    NaN  316.000000    NaN    NaN   63.000000   NaN    NaN   NaN  524.0    NaN   NaN    NaN  NaN  86.0    NaN  NaN   NaN   NaN   NaN  5.0  NaN   NaN   32.5   NaN    NaN    NaN    NaN   NaN    NaN    NaN   NaN   NaN    NaN  NaN    NaN    NaN   NaN     NaN  NaN   NaN    NaN  NaN   NaN  35.0   NaN  NaN   NaN  NaN   NaN   NaN   NaN   NaN    NaN   NaN  NaN  NaN    NaN   NaN
8     34     8.666667         NaN    NaN    NaN    NaN  NaN    NaN  NaN    NaN   NaN    NaN  NaN   NaN   NaN    NaN   NaN    NaN   NaN     NaN    NaN   18.0  154.0         NaN    NaN    NaN         NaN   NaN    NaN   NaN    NaN    NaN   NaN    NaN  NaN   NaN    NaN  NaN   NaN   NaN   NaN  NaN  NaN  21.0    NaN   NaN    NaN    5.0  300.0  12.0  202.0    NaN   NaN   NaN    NaN  NaN    NaN  626.0   NaN     NaN  NaN   NaN    NaN  NaN   NaN   NaN   NaN  NaN   NaN  NaN   NaN   NaN   NaN   NaN    NaN   NaN  NaN  NaN    NaN   NaN
9     35          NaN         NaN    NaN    NaN    NaN  NaN   28.0  NaN    NaN   NaN    NaN  NaN   NaN   NaN    NaN   NaN    NaN   NaN     NaN    NaN   48.0    NaN   11.500000    NaN    NaN         NaN   NaN    NaN   NaN    NaN    NaN   NaN    NaN  NaN   NaN    NaN  NaN   NaN   NaN   NaN  NaN  NaN   NaN    NaN   NaN    NaN    NaN    NaN   NaN    4.0    NaN   NaN   NaN    NaN  NaN    NaN    NaN   NaN     NaN  NaN   NaN    NaN  NaN   NaN   NaN   NaN  NaN   NaN  NaN   NaN   NaN   NaN   NaN    NaN   NaN  NaN  NaN    NaN   NaN
10    36  1132.000000         NaN    NaN    NaN    NaN  NaN    NaN  NaN    NaN   NaN    NaN  NaN   NaN   NaN    NaN   NaN    NaN   NaN     NaN    NaN    7.0    NaN         NaN    4.0    NaN         NaN   NaN    NaN   5.0    NaN    NaN   NaN    NaN  NaN   NaN    NaN  NaN   NaN   NaN   NaN  NaN  NaN   NaN    NaN   NaN    NaN    NaN    NaN   NaN    NaN    NaN   NaN   NaN    NaN  NaN    NaN    NaN   NaN     NaN  NaN   NaN    NaN  NaN   NaN   NaN   NaN  NaN   NaN  NaN  16.0   NaN   NaN   NaN    NaN   NaN  NaN  NaN    NaN   NaN
11    37          NaN         NaN    NaN    NaN    NaN  NaN    5.0  NaN    NaN   NaN    NaN  NaN   NaN   NaN    NaN  10.0    NaN   NaN     NaN    NaN    NaN    5.0         NaN    NaN    NaN    6.000000   NaN    NaN   NaN    NaN    NaN   NaN    NaN  NaN   NaN    NaN  NaN   NaN  19.0   NaN  NaN  NaN   NaN    NaN   NaN    NaN    NaN    NaN  34.0    NaN    NaN   NaN   NaN    NaN  NaN    NaN    NaN  88.0     NaN  NaN   NaN    NaN  NaN   NaN   NaN   NaN  NaN   NaN  NaN   NaN   NaN   NaN   NaN    NaN   NaN  NaN  NaN    NaN   NaN
12    38          NaN         NaN    NaN    NaN    NaN  NaN    NaN  NaN    NaN   NaN   36.0  NaN  10.0   NaN    NaN   NaN    NaN   NaN     NaN    NaN    NaN  169.0    4.000000    NaN    NaN         NaN   NaN    NaN   NaN    NaN    NaN   NaN    NaN  NaN   NaN    NaN  NaN   NaN   NaN   NaN  NaN  NaN   NaN    NaN  34.0    NaN    NaN    NaN   NaN    NaN    NaN   NaN   NaN    NaN  NaN    NaN    NaN   NaN     NaN  NaN   NaN    NaN  NaN   NaN   NaN   NaN  NaN   NaN  NaN   NaN   NaN   NaN   NaN    NaN   NaN  NaN  NaN    NaN   NaN
13    39   780.000000         NaN    NaN    NaN    NaN  NaN    NaN  NaN    NaN   NaN    8.0  NaN   NaN   NaN    NaN   NaN    NaN   NaN     NaN    NaN    NaN    NaN         NaN    NaN    NaN         NaN   NaN    NaN   NaN    NaN  180.0   NaN    NaN  NaN   NaN    NaN  NaN   NaN   NaN   NaN  NaN  NaN   NaN    NaN   NaN    NaN    NaN    NaN   NaN    NaN    NaN   NaN   NaN    NaN  NaN    NaN    NaN   NaN    70.0  NaN   NaN    NaN  NaN   NaN   NaN   NaN  NaN   NaN  5.0   NaN   NaN   4.0   NaN    NaN   NaN  NaN  NaN    NaN   NaN
14    40   208.000000         NaN  254.0    NaN    NaN  NaN    NaN  NaN    NaN  17.0    NaN  NaN   NaN   NaN    NaN   NaN    NaN   NaN     NaN    NaN    NaN    NaN         NaN    NaN    NaN         NaN   NaN    NaN   NaN    NaN    NaN   NaN    NaN  NaN   NaN    NaN  NaN   NaN   NaN   NaN  NaN  NaN   NaN    NaN   NaN    NaN    NaN    NaN   NaN    NaN    NaN   NaN   NaN    NaN  NaN    NaN    NaN   NaN     NaN  NaN   NaN    NaN  NaN   NaN   NaN   NaN  NaN   NaN  NaN   NaN   NaN   NaN   NaN    NaN   NaN  NaN  NaN    NaN   NaN
15    41          NaN         NaN    NaN    NaN    NaN  NaN    NaN  NaN    NaN   NaN    NaN  NaN   NaN  24.0    NaN   5.0    NaN   NaN  2336.0    NaN    NaN    NaN         NaN    NaN    NaN         NaN   NaN    NaN   NaN    NaN    NaN   NaN  196.0  NaN   NaN    NaN  NaN   NaN   NaN   NaN  NaN  NaN   NaN    NaN   NaN    NaN    NaN    NaN   NaN    9.0    NaN  48.0   NaN    NaN  8.0    NaN    NaN   NaN     NaN  NaN   NaN    NaN  NaN   NaN   NaN   NaN  NaN   NaN  NaN   NaN   NaN   NaN   NaN    NaN   NaN  NaN  NaN    NaN   NaN
16    42          NaN         NaN    NaN    NaN    NaN  NaN    8.0  NaN    NaN   NaN    NaN  NaN   NaN   NaN    NaN   NaN    NaN  14.0   470.0    NaN    NaN    NaN         NaN   32.0   11.0         NaN   NaN    NaN   NaN    NaN    NaN   NaN    NaN  NaN   NaN    NaN  NaN   NaN   NaN   NaN  NaN  NaN   NaN    NaN   NaN    NaN    NaN    NaN   NaN    NaN    NaN   NaN   NaN    NaN  NaN    NaN    NaN   NaN     NaN  NaN   NaN    NaN  NaN   NaN   NaN   NaN  NaN   NaN  NaN   NaN   NaN   NaN   NaN    NaN   NaN  NaN  8.0   10.0   NaN
17    43          NaN         NaN    NaN  270.0    NaN  NaN    NaN  NaN    NaN   NaN    NaN  NaN   NaN   NaN    NaN   NaN    NaN   NaN     NaN    NaN    NaN    NaN  246.000000    NaN    NaN         NaN   8.0    NaN   NaN    NaN    NaN   NaN   77.0  NaN   NaN    NaN  NaN   NaN   NaN   NaN  NaN  NaN   NaN    NaN   NaN    NaN    NaN    NaN   NaN    NaN    NaN   NaN   NaN    NaN  NaN    NaN    NaN   NaN     NaN  NaN   NaN    NaN  NaN   NaN   NaN   NaN  NaN   NaN  NaN   NaN   NaN   NaN   NaN    NaN   NaN  NaN  NaN    NaN   NaN
18    44    39.000000         NaN    NaN    NaN    NaN  NaN    NaN  NaN    NaN  11.0  194.0  NaN   NaN   NaN    NaN   NaN    NaN   NaN     NaN   90.0    NaN    8.0         NaN    NaN    NaN         NaN   NaN    NaN   NaN    NaN    NaN   NaN    NaN  NaN   NaN    NaN  NaN   NaN   NaN   NaN  NaN  NaN   NaN    NaN   NaN    NaN    NaN    NaN   NaN    NaN    NaN   NaN   4.0    NaN  NaN  173.0    NaN   NaN  3222.0  NaN   NaN    NaN  NaN   NaN   NaN   NaN  NaN   NaN  NaN   NaN  23.0  73.0   NaN    NaN   NaN  NaN  NaN    NaN   NaN
19    45          NaN         NaN    NaN    NaN    NaN  NaN    NaN  NaN    NaN   NaN    NaN  NaN   NaN   NaN    NaN  12.0    NaN   NaN     NaN    NaN  144.0    NaN   18.666667    NaN    NaN         NaN   NaN    NaN   NaN    NaN    NaN   NaN    NaN  8.0   NaN    NaN  NaN   NaN   NaN   NaN  NaN  NaN   NaN    4.0   NaN    NaN    NaN    NaN   NaN    NaN  666.0   NaN   NaN    NaN  NaN    NaN    NaN   NaN     NaN  NaN   NaN    NaN  NaN   NaN   NaN   NaN  NaN   NaN  NaN   NaN   NaN   NaN   NaN    NaN   6.0  NaN  NaN    NaN   NaN
20    46   224.000000         NaN    NaN    NaN    NaN  NaN    NaN  NaN    NaN   NaN    NaN  NaN   NaN   NaN    NaN   NaN    NaN   NaN     NaN    NaN    NaN    NaN    5.000000    NaN    NaN         NaN   NaN    NaN   NaN    NaN    NaN   NaN    NaN  NaN   NaN    NaN  NaN   NaN   NaN   NaN  NaN  NaN   NaN    NaN   NaN    NaN    NaN    NaN   NaN    NaN    NaN   NaN   NaN    NaN  NaN    NaN    NaN   NaN     NaN  NaN   NaN    NaN  NaN   NaN   NaN   NaN  NaN   NaN  NaN   NaN   NaN   NaN   NaN    NaN   NaN  NaN  NaN    NaN   NaN
21    47          NaN         NaN    8.0    NaN    NaN  NaN    NaN  NaN    NaN   NaN    NaN  NaN   NaN   NaN    NaN   NaN    NaN   NaN     NaN    NaN    NaN    7.0         NaN  392.0    NaN         NaN   NaN    NaN   NaN    NaN    NaN   NaN    NaN  NaN   NaN    NaN  NaN   NaN   NaN   NaN  NaN  NaN   NaN    NaN   NaN    NaN    NaN    NaN   NaN    NaN    NaN   NaN   NaN    NaN  NaN    NaN    NaN   NaN     NaN  NaN   NaN    NaN  NaN   NaN   NaN   NaN  NaN   NaN  NaN   NaN   NaN   NaN   NaN    NaN   NaN  NaN  NaN    NaN   NaN
22    48          NaN         NaN    NaN  308.0    NaN  NaN    4.0  NaN    NaN   NaN    NaN  NaN   NaN   NaN    NaN   NaN    NaN   NaN     NaN    6.0    NaN    NaN         NaN    NaN    NaN         NaN   NaN    NaN   NaN    NaN    NaN   NaN    NaN  NaN   NaN    NaN  NaN   NaN   NaN   NaN  NaN  NaN   NaN    NaN   NaN    NaN    NaN    NaN   NaN    NaN    NaN   NaN   NaN    NaN  NaN    NaN    NaN   NaN     NaN  NaN   NaN    NaN  NaN   NaN   NaN   NaN  NaN   NaN  NaN   NaN   NaN   NaN   NaN    NaN   NaN  NaN  NaN    NaN   NaN
23    49   548.000000         NaN    NaN    NaN    NaN  NaN    NaN  NaN    NaN   NaN    NaN  NaN   NaN   NaN    NaN   NaN    NaN   NaN     NaN    NaN    4.0    NaN         NaN    NaN    NaN         NaN   NaN    NaN  30.0    NaN    NaN   NaN    NaN  NaN   NaN    NaN  NaN   NaN   NaN   NaN  NaN  NaN  30.0    NaN   NaN    NaN    NaN    NaN   NaN    NaN    NaN   NaN   NaN    NaN  NaN    NaN    NaN   NaN     NaN  NaN   NaN    NaN  NaN   NaN   NaN   NaN  NaN   NaN  NaN   NaN   NaN   NaN   NaN    NaN   NaN  NaN  NaN    NaN   NaN
24    50          NaN         NaN    NaN    NaN    NaN  NaN    NaN  NaN    NaN   NaN    NaN  NaN   NaN   NaN    NaN   NaN    NaN   NaN     NaN    NaN   91.0    NaN         NaN    NaN    NaN         NaN   NaN    NaN   NaN    NaN    NaN   NaN    NaN  NaN   NaN    NaN  NaN   NaN   NaN   NaN  NaN  NaN   NaN    NaN   NaN    NaN   17.0    NaN   NaN    NaN    NaN   NaN   NaN    NaN  NaN    NaN    NaN   NaN     NaN  NaN   NaN    NaN  NaN   NaN   NaN   NaN  NaN   NaN  NaN   NaN   NaN   NaN   NaN    NaN   NaN  NaN  NaN    NaN   NaN
25    51     6.000000         NaN    NaN    NaN    NaN  NaN    NaN  NaN  564.0   NaN    NaN  NaN   NaN   NaN    NaN   NaN    NaN  14.0     NaN    NaN   82.0    NaN   22.000000    NaN    NaN         NaN   NaN    NaN   NaN    NaN    NaN   NaN    NaN  NaN   NaN    NaN  NaN   NaN   NaN   NaN  NaN  NaN   NaN   52.0   NaN    NaN    NaN    NaN   NaN    NaN    NaN   NaN   NaN    NaN  NaN    NaN    NaN   NaN     NaN  NaN  48.0    NaN  NaN  27.0   NaN   NaN  NaN   NaN  NaN   NaN   NaN   NaN   NaN    NaN   NaN  NaN  NaN    NaN   NaN
26    52   116.000000   20.000000    NaN   24.0    NaN  NaN    NaN  NaN    8.0   NaN    NaN  NaN   NaN   NaN    8.0  14.0    NaN   NaN     NaN    NaN    NaN  276.0  100.000000    NaN    NaN   20.666667   8.0    NaN   NaN    NaN    NaN   NaN    NaN  NaN   NaN    NaN  NaN   NaN   NaN   NaN  NaN  NaN   NaN    NaN   NaN    NaN    NaN    NaN   NaN    8.0    NaN   NaN  80.0    NaN  NaN    NaN    NaN  16.0     NaN  NaN   8.0    NaN  NaN   NaN   NaN   NaN  NaN   NaN  NaN   NaN   NaN   NaN   NaN    NaN   NaN  NaN  NaN    NaN   NaN
27    53          NaN         NaN    NaN    NaN    NaN  NaN    NaN  NaN    NaN   NaN    NaN  NaN   NaN   NaN    NaN   NaN    NaN  66.0     NaN    NaN    NaN    8.0  218.000000    NaN    NaN         NaN   NaN    NaN   NaN    NaN    NaN   NaN    NaN  NaN   NaN    NaN  NaN   NaN   NaN   NaN  NaN  NaN   NaN    NaN   NaN    NaN   18.0    NaN   NaN    NaN    NaN   NaN   NaN    NaN  NaN    NaN    NaN   NaN     NaN  NaN   NaN    NaN  NaN   NaN   NaN   NaN  NaN   NaN  NaN   NaN   NaN   NaN   NaN    NaN   NaN  NaN  NaN    NaN   NaN
28    54   244.000000         NaN    8.5    NaN    NaN  NaN    8.0  5.0    NaN   NaN    NaN  NaN   5.0   NaN    NaN   NaN    NaN   NaN     NaN   55.0    NaN   24.0   13.000000    NaN    NaN         NaN   NaN    NaN   NaN    NaN    NaN   NaN    NaN  NaN   NaN    NaN  NaN   NaN   NaN   9.0  NaN  NaN   NaN  156.0   NaN  788.0    NaN    NaN   NaN    NaN    NaN   NaN   NaN    NaN  NaN    NaN  144.0  40.0     NaN  NaN   NaN    NaN  NaN   NaN   NaN   NaN  NaN   NaN  NaN   NaN   NaN   NaN   NaN    NaN   NaN  NaN  NaN    NaN   NaN
29    55     5.000000   80.000000    NaN    NaN    NaN  NaN   18.0  NaN    NaN   NaN    NaN  NaN   NaN   NaN    NaN   NaN  136.0   NaN     NaN    NaN    4.0    NaN   48.000000    NaN    NaN   48.000000   NaN    NaN   NaN    NaN    NaN   NaN    NaN  NaN   NaN    NaN  NaN   NaN   NaN   NaN  NaN  8.0   NaN    NaN   NaN    NaN  140.0   94.0   NaN    NaN    NaN   NaN   NaN    NaN  NaN    NaN    NaN   NaN     NaN  5.0   NaN    NaN  NaN   NaN   NaN   NaN  NaN   NaN  4.0   NaN   NaN   NaN   NaN    NaN   NaN  NaN  NaN    NaN   NaN
30    56    10.000000  213.333333    NaN    NaN   24.0  NaN    NaN  NaN  261.0   NaN    NaN  NaN   NaN   NaN    NaN   NaN   14.0   NaN     8.0    NaN    NaN   23.0    4.000000    NaN    NaN         NaN   NaN    NaN   NaN    NaN    NaN   NaN    NaN  NaN   NaN    NaN  NaN   NaN   NaN   NaN  NaN  NaN   NaN    NaN   NaN    NaN    NaN    NaN   NaN    NaN    NaN   NaN   NaN    NaN  NaN    NaN    NaN   NaN     NaN  NaN   NaN  332.0  NaN   NaN   NaN   NaN  NaN   NaN  NaN   NaN   NaN   NaN  12.0    NaN   NaN  NaN  NaN  318.0  20.0
31    57          NaN    7.000000    NaN    NaN    NaN  NaN    NaN  NaN    NaN   NaN    NaN  5.0   NaN   NaN    NaN   NaN    NaN  87.0     NaN    4.0    NaN    NaN         NaN    NaN    NaN         NaN   NaN    NaN   NaN    NaN    NaN   NaN    NaN  NaN   NaN    NaN  NaN   NaN   NaN   NaN  NaN  NaN   NaN   29.0   NaN    NaN    NaN    NaN   NaN    NaN    NaN   NaN   NaN    NaN  NaN   40.0    NaN   NaN     NaN  NaN   NaN    NaN  NaN   NaN   NaN   NaN  NaN   NaN  NaN   NaN   NaN   NaN   NaN  972.0   NaN  NaN  NaN    8.0   NaN
32    58          NaN         NaN    NaN   32.0    NaN  NaN  108.0  7.0   72.0   NaN    NaN  NaN   NaN   NaN    NaN   NaN    NaN   NaN     NaN    6.0    NaN    NaN         NaN    NaN  292.0         NaN   NaN    NaN   NaN    NaN    NaN   NaN    NaN  NaN   NaN    NaN  NaN   NaN   NaN   NaN  NaN  NaN   NaN    NaN  28.0    NaN    NaN    NaN   NaN    NaN    NaN   NaN   NaN    NaN  NaN    NaN   91.0   NaN     NaN  NaN   NaN    NaN  NaN   NaN   NaN   NaN  NaN   NaN  NaN   NaN   NaN   NaN   NaN    NaN   NaN  4.0  NaN    NaN   NaN
2024-06-13 00:13:50,862 - INFO - Ma trận độ tương tự cosine:
2024-06-13 00:13:50,870 - INFO - User    17    25    26    27    28    29    30    33    34    35    36    37    38    39    40    41    42    43    44    45    46    47    48    49    50    51    52    53    54    55    56    57    58
User                                                                                                                                                                                                      
17    1.00  0.00  0.01  0.00  0.00  0.00  0.00  0.01  0.00  0.00  0.00  0.02  0.00  0.09  0.00  0.00  0.00  0.00  0.99  0.00  0.00  0.00  0.00  0.00  0.00  0.00  0.00  0.00  0.00  0.01  0.01  0.00  0.00
25    0.00  1.00  0.00  0.04  0.07  0.01  0.02  0.04  0.00  0.02  0.02  0.00  0.01  0.02  0.02  0.00  0.00  0.05  0.00  0.06  0.03  0.00  0.00  0.02  0.00  0.00  0.06  0.08  0.01  0.02  0.00  0.00  0.00
26    0.01  0.00  1.00  0.01  0.00  0.00  0.00  0.02  0.01  0.00  0.00  0.12  0.00  0.00  0.00  0.00  0.00  0.00  0.00  0.00  0.00  0.00  0.00  0.00  0.00  0.14  0.01  0.00  0.01  0.00  0.23  0.00  0.19
27    0.00  0.04  0.01  1.00  0.41  0.00  0.02  0.25  0.02  0.58  0.00  0.01  0.01  0.00  0.00  0.00  0.00  0.30  0.02  0.13  0.01  0.01  0.01  0.00  0.55  0.11  0.15  0.44  0.06  0.10  0.00  0.01  0.02
28    0.00  0.07  0.00  0.41  1.00  0.02  0.02  0.58  0.00  0.18  0.00  0.00  0.02  0.00  0.02  0.00  0.00  0.58  0.00  0.02  0.02  0.00  0.00  0.00  0.00  0.03  0.27  0.85  0.01  0.18  0.01  0.00  0.00
29    0.00  0.01  0.00  0.00  0.02  1.00  0.16  0.00  0.00  0.00  0.21  0.00  0.00  0.21  0.89  0.00  0.00  0.00  0.00  0.00  0.21  0.02  0.00  0.21  0.00  0.00  0.08  0.00  0.07  0.00  0.01  0.00  0.00
30    0.00  0.02  0.00  0.02  0.02  0.16  1.00  0.01  0.01  0.00  0.75  0.00  0.00  0.72  0.47  0.00  0.00  0.01  0.01  0.00  0.75  0.00  0.00  0.74  0.00  0.01  0.27  0.02  0.21  0.02  0.01  0.00  0.00
33    0.01  0.04  0.02  0.25  0.58  0.00  0.01  1.00  0.00  0.10  0.00  0.01  0.01  0.00  0.00  0.00  0.00  0.33  0.00  0.01  0.01  0.00  0.00  0.00  0.00  0.02  0.16  0.48  0.02  0.12  0.00  0.00  0.00
34    0.00  0.00  0.01  0.02  0.00  0.00  0.01  0.00  1.00  0.04  0.01  0.02  0.20  0.01  0.01  0.00  0.00  0.00  0.00  0.01  0.01  0.00  0.00  0.01  0.03  0.00  0.19  0.01  0.15  0.16  0.01  0.00  0.23
35    0.00  0.02  0.00  0.58  0.18  0.00  0.00  0.10  0.04  1.00  0.01  0.03  0.00  0.00  0.00  0.00  0.01  0.13  0.00  0.18  0.00  0.00  0.01  0.01  0.83  0.13  0.06  0.19  0.01  0.09  0.00  0.00  0.16
36    0.00  0.02  0.00  0.00  0.00  0.21  0.75  0.00  0.01  0.01  1.00  0.00  0.00  0.97  0.63  0.00  0.00  0.00  0.01  0.00  1.00  0.00  0.00  1.00  0.01  0.01  0.35  0.00  0.29  0.02  0.02  0.00  0.00
37    0.02  0.00  0.12  0.01  0.00  0.00  0.00  0.01  0.02  0.03  0.00  1.00  0.05  0.00  0.00  0.00  0.00  0.00  0.00  0.00  0.00  0.00  0.00  0.00  0.00  0.00  0.10  0.00  0.04  0.02  0.00  0.00  0.02
38    0.00  0.01  0.00  0.01  0.02  0.00  0.00  0.01  0.20  0.00  0.00  0.05  1.00  0.00  0.00  0.00  0.00  0.01  0.01  0.00  0.00  0.02  0.00  0.00  0.00  0.00  0.81  0.06  0.03  0.00  0.04  0.00  0.02
39    0.09  0.02  0.00  0.00  0.00  0.21  0.72  0.00  0.01  0.00  0.97  0.00  0.00  1.00  0.61  0.00  0.00  0.00  0.10  0.00  0.97  0.00  0.00  0.97  0.00  0.01  0.34  0.00  0.28  0.02  0.02  0.00  0.00
40    0.00  0.02  0.00  0.00  0.02  0.89  0.47  0.00  0.01  0.00  0.63  0.00  0.00  0.61  1.00  0.00  0.00  0.00  0.01  0.00  0.63  0.02  0.00  0.63  0.00  0.01  0.22  0.00  0.19  0.01  0.01  0.00  0.00
41    0.00  0.00  0.00  0.00  0.00  0.00  0.00  0.00  0.00  0.00  0.00  0.00  0.00  0.00  0.00  1.00  0.99  0.02  0.00  0.00  0.00  0.00  0.00  0.00  0.00  0.00  0.00  0.00  0.00  0.00  0.01  0.00  0.00
42    0.00  0.00  0.00  0.00  0.00  0.00  0.00  0.00  0.00  0.01  0.00  0.00  0.00  0.00  0.00  0.99  1.00  0.00  0.00  0.00  0.00  0.07  0.00  0.00  0.00  0.00  0.00  0.01  0.00  0.00  0.03  0.00  0.03
43    0.00  0.05  0.00  0.30  0.58  0.00  0.01  0.33  0.00  0.13  0.00  0.00  0.01  0.00  0.00  0.02  0.00  1.00  0.00  0.02  0.01  0.00  0.72  0.00  0.00  0.03  0.25  0.63  0.01  0.13  0.00  0.00  0.07
44    0.99  0.00  0.00  0.02  0.00  0.00  0.01  0.00  0.00  0.00  0.01  0.00  0.01  0.10  0.01  0.00  0.00  0.00  1.00  0.00  0.01  0.00  0.00  0.01  0.00  0.00  0.01  0.00  0.01  0.00  0.00  0.00  0.00
45    0.00  0.06  0.00  0.13  0.02  0.00  0.00  0.01  0.01  0.18  0.00  0.00  0.00  0.00  0.00  0.00  0.00  0.02  0.00  1.00  0.00  0.00  0.00  0.00  0.21  0.03  0.01  0.03  0.00  0.01  0.00  0.00  0.00
46    0.00  0.03  0.00  0.01  0.02  0.21  0.75  0.01  0.01  0.00  1.00  0.00  0.00  0.97  0.63  0.00  0.00  0.01  0.01  0.00  1.00  0.00  0.00  1.00  0.00  0.01  0.36  0.02  0.29  0.03  0.02  0.00  0.00
47    0.00  0.00  0.00  0.01  0.00  0.02  0.00  0.00  0.00  0.00  0.00  0.00  0.02  0.00  0.02  0.00  0.07  0.00  0.00  0.00  0.00  1.00  0.00  0.00  0.00  0.00  0.01  0.00  0.00  0.00  0.00  0.00  0.00
48    0.00  0.00  0.00  0.01  0.00  0.00  0.00  0.00  0.00  0.01  0.00  0.00  0.00  0.00  0.00  0.00  0.00  0.72  0.00  0.00  0.00  0.00  1.00  0.00  0.00  0.00  0.07  0.00  0.00  0.00  0.00  0.00  0.10
49    0.00  0.02  0.00  0.00  0.00  0.21  0.74  0.00  0.01  0.01  1.00  0.00  0.00  0.97  0.63  0.00  0.00  0.00  0.01  0.00  1.00  0.00  0.00  1.00  0.01  0.01  0.35  0.00  0.28  0.02  0.02  0.00  0.00
50    0.00  0.00  0.00  0.55  0.00  0.00  0.00  0.00  0.03  0.83  0.01  0.00  0.00  0.00  0.00  0.00  0.00  0.00  0.00  0.21  0.00  0.00  0.00  0.01  1.00  0.14  0.00  0.01  0.00  0.12  0.00  0.00  0.00
51    0.00  0.00  0.14  0.11  0.03  0.00  0.01  0.02  0.00  0.13  0.01  0.00  0.00  0.01  0.01  0.00  0.00  0.03  0.00  0.03  0.01  0.00  0.00  0.01  0.14  1.00  0.04  0.04  0.02  0.01  0.45  0.00  0.21
52    0.00  0.06  0.01  0.15  0.27  0.08  0.27  0.16  0.19  0.06  0.35  0.10  0.81  0.34  0.22  0.00  0.00  0.25  0.01  0.01  0.36  0.01  0.07  0.35  0.00  0.04  1.00  0.32  0.13  0.10  0.08  0.00  0.01
53    0.00  0.08  0.00  0.44  0.85  0.00  0.02  0.48  0.01  0.19  0.00  0.00  0.06  0.00  0.00  0.00  0.01  0.63  0.00  0.03  0.02  0.00  0.00  0.00  0.01  0.04  0.32  1.00  0.02  0.23  0.01  0.03  0.00
54    0.00  0.01  0.01  0.06  0.01  0.07  0.21  0.02  0.15  0.01  0.29  0.04  0.03  0.28  0.19  0.00  0.00  0.01  0.01  0.00  0.29  0.00  0.00  0.28  0.00  0.02  0.13  0.02  1.00  0.01  0.01  0.01  0.05
55    0.01  0.02  0.00  0.10  0.18  0.00  0.02  0.12  0.16  0.09  0.02  0.02  0.00  0.02  0.01  0.00  0.00  0.13  0.00  0.01  0.03  0.00  0.00  0.02  0.12  0.01  0.10  0.23  0.01  1.00  0.14  0.00  0.02
56    0.01  0.00  0.23  0.00  0.01  0.01  0.01  0.00  0.01  0.00  0.02  0.00  0.04  0.02  0.01  0.01  0.03  0.00  0.00  0.00  0.02  0.00  0.00  0.02  0.00  0.45  0.08  0.01  0.01  0.14  1.00  0.01  0.10
57    0.00  0.00  0.00  0.01  0.00  0.00  0.00  0.00  0.00  0.00  0.00  0.00  0.00  0.00  0.00  0.00  0.00  0.00  0.00  0.00  0.00  0.00  0.00  0.00  0.00  0.00  0.00  0.03  0.01  0.00  0.01  1.00  0.00
58    0.00  0.00  0.19  0.02  0.00  0.00  0.00  0.00  0.23  0.16  0.00  0.02  0.02  0.00  0.00  0.00  0.03  0.07  0.00  0.00  0.00  0.00  0.10  0.00  0.00  0.21  0.01  0.00  0.05  0.02  0.10  0.00  1.00
2024-06-13 00:13:50,871 - INFO - Ma trận dự đoán:
2024-06-13 00:13:50,896 - INFO -                49          50     51     53     54   55     56   57     58    59     60   62    63    64     65    66     67    68      69     70     71     72          73     74     75          76    77     78    79     81     85    86     87   88    90     91  103   105   106   107  108  116   118    121   122    128    131    132   134    135    136   141   142    143  144    145    146   147     149  156   167    168  169   170   171   172  175   181  209   211   212   213   214    219   223  224  226    227   228
User                                                                                                                                                                                                                                                                                                                                                                                                                                                                                                                                       
17     101.000000  147.000000    NaN    NaN   14.0  NaN    9.0  8.0  147.0  11.0  178.0  NaN   NaN   NaN    NaN  10.0   75.0   NaN     8.0   89.0    4.0    8.0   26.000000    NaN   44.0  162.500000  42.0    NaN   NaN  524.0  180.0  12.0    NaN  NaN  86.0  144.0  4.0   NaN  19.0  56.0  5.0  8.0   NaN    4.0   NaN    NaN  140.0   94.0  12.0    NaN    NaN   NaN   4.0    NaN  NaN  173.0    NaN  28.0  2344.0  5.0   NaN   14.0  6.0   5.0  35.0  15.0  NaN  10.0  5.0   NaN  23.0  67.0  12.0    NaN   NaN  NaN  NaN    8.0  20.0
25       7.000000   35.000000   69.0  136.0   19.0  9.0    9.0  5.0    8.0  17.0   17.0  NaN   8.0   NaN  284.0  13.0  136.0  66.0     NaN  107.0  154.0  123.0   23.000000    4.0    NaN   38.000000   8.0  230.0  18.0  254.0  180.0   NaN   77.0  8.0  47.0    NaN  NaN  13.0   NaN   9.0  5.0  8.0  30.0   15.0   6.0  788.0   42.0   94.0   NaN    7.0   18.0   NaN  80.0  290.0  NaN    NaN  144.0  19.0    70.0  5.0   8.0    NaN  9.0   NaN  35.0   NaN  4.0   NaN  4.0  16.0   NaN   4.0   NaN    NaN  20.0  NaN  6.0    4.0   NaN
26       8.000000  205.000000    8.0   32.0  152.0  NaN   68.0  7.0   34.0   NaN    NaN  NaN   5.0   NaN    8.0   9.0   14.0  14.0     8.0    7.0   78.0   17.0   11.000000    4.0   44.0   14.000000  42.0    NaN   NaN  524.0    NaN  12.0    NaN  NaN  86.0  144.0  4.0   NaN  19.0  32.0  5.0  NaN  21.0   14.0  28.0  788.0    5.0  300.0  82.0  105.0    NaN   NaN  80.0    NaN  NaN    NaN   94.0  84.0  2344.0  NaN  45.0   59.0  8.0  26.0  35.0  15.0  NaN  10.0  NaN   NaN   NaN   NaN  12.0    NaN   NaN  4.0  NaN  305.0  20.0
27      69.000000   44.000000   15.0  188.0   24.0  9.0    4.0  6.0  243.0  11.0  141.0  5.0   6.0   NaN   66.0  30.0  136.0  56.0     NaN  200.0  168.0   76.0  138.000000    4.0  209.0   47.000000   8.0  230.0   NaN  260.0    NaN   NaN   77.0  8.0  47.0  144.0  NaN  13.0  19.0   9.0  5.0  8.0  21.0   24.0  13.0  788.0   17.0  128.0  19.0    5.0  514.0   NaN  71.0  290.0  NaN  129.0  131.0  23.0  3222.0  5.0  25.0   59.0  9.0  27.0  35.0  15.0  4.0  10.0  4.0   NaN  23.0  73.0   NaN  972.0   9.0  4.0  NaN    8.0   NaN
28      72.000000   44.000000   16.0  192.0   19.0  9.0    8.0  5.0   64.0  17.0   36.0  NaN   8.0   NaN   65.0  24.0  130.0  64.0     8.0   91.0  118.0   73.0  592.000000    4.0    NaN   50.000000   8.0  230.0   NaN   99.0    NaN   NaN   77.0  8.0  24.0    NaN  NaN  13.0   NaN   9.0  5.0  8.0   NaN   29.0  12.0  788.0   39.0   94.0   NaN    6.0  162.0   NaN  80.0  290.0  NaN    NaN  144.0  17.0     NaN  5.0  12.0  332.0  9.0  27.0  35.0   NaN  4.0   NaN  4.0   NaN   NaN   NaN  12.0    NaN  17.0  NaN  6.0  109.0  20.0
29      50.000000   41.000000  228.0   24.0   24.0  9.0    8.0  5.0   36.0  17.0    8.0  NaN   5.0   NaN   39.0  14.0   14.0   NaN     8.0   21.0    6.0  158.0    5.000000   38.0    NaN   21.000000   8.0  230.0  18.0   99.0  180.0   NaN    NaN  NaN  24.0    NaN  NaN  13.0   NaN   9.0  NaN  NaN  30.0  156.0   6.0  788.0    NaN    NaN   NaN    8.0   18.0   NaN  80.0  290.0  NaN    NaN  144.0  27.0    70.0  NaN   8.0  332.0  NaN   NaN   NaN   NaN  4.0   NaN  5.0  16.0   NaN   4.0  12.0    NaN  20.0  NaN  6.0    4.0  20.0
30     258.000000   24.000000  178.0   33.0   22.0  9.0    9.0  5.0   17.0  17.0   11.0  NaN   5.0   NaN   27.0  15.0   95.0  49.0     8.0    6.0    6.0  166.0    6.000000    4.0    NaN   23.000000   8.0  230.0  17.0  241.0  180.0   NaN   77.0  NaN  45.0    NaN  NaN  13.0   NaN   9.0  5.0  8.0  30.0  145.0   6.0  788.0   79.0  163.0  12.0    8.0   18.0   NaN  77.0  290.0  NaN  173.0  166.0  27.0   113.0  5.0   9.0  332.0  9.0  27.0  35.0   NaN  4.0   NaN  5.0  16.0  23.0   5.0  12.0    NaN  20.0  NaN  6.0   22.0  20.0
33      68.000000   46.000000   16.0  190.0   19.0  9.0    9.0  6.0   70.0   NaN   36.0  NaN   7.0   NaN   63.0  24.0  136.0  64.0     NaN   14.0  115.0   75.0  316.000000    4.0   44.0   63.000000   8.0  230.0   NaN  524.0    NaN  12.0   77.0  8.0  86.0  144.0  4.0  13.0  19.0  25.0  5.0  8.0   NaN   32.5  12.0  788.0   42.0   94.0  66.0    6.0  148.0   NaN  80.0  290.0  NaN    NaN  144.0  19.0  2344.0  5.0  12.0   44.0  9.0  20.0  35.0  15.0  4.0  10.0  4.0   NaN   NaN   NaN   NaN    NaN  17.0  NaN  NaN    8.0   NaN
34       8.666667   47.000000   24.0   28.0   88.0  NaN   71.0  6.0   43.0  17.0   35.0  NaN   8.0   NaN    8.0  14.0  129.0  66.0     8.0   25.0   18.0  154.0   51.000000    4.0  282.0   33.000000  10.0  230.0  18.0    NaN  180.0   NaN    NaN  8.0   NaN  144.0  NaN  13.0  19.0   9.0  NaN  8.0  21.0  140.0  31.0  788.0    5.0  300.0  12.0  202.0  666.0   NaN  80.0    NaN  NaN    NaN  626.0  27.0    70.0  5.0   8.0  196.0  9.0   NaN   NaN  15.0  NaN  10.0  4.0  16.0   NaN   4.0  12.0    NaN   6.0  4.0  NaN  318.0  20.0
35       6.000000   56.000000   16.0  139.0   19.0  9.0   28.0  7.0  293.0   NaN    NaN  NaN   5.0   NaN   77.0  26.0  136.0  45.0   470.0  158.0   48.0   72.0   11.500000    4.0  275.0   56.000000   8.0    NaN  18.0  251.0    NaN   NaN   77.0  8.0  46.0    NaN  NaN   NaN  19.0   9.0  5.0  8.0  23.0   19.0  26.0  788.0   17.0  157.0  21.0    4.0  601.0   NaN  80.0  290.0  NaN    NaN  198.0  40.0     NaN  5.0  35.0    NaN  9.0  27.0  35.0   NaN  4.0   NaN  4.0  16.0   NaN   NaN   NaN    NaN   7.0  4.0  8.0   10.0   NaN
36    1132.000000   30.000000  177.0   24.0   24.0  9.0    9.0  5.0   22.0  17.0   10.0  NaN   5.0   NaN   23.0  14.0   75.0  14.0     8.0   20.0    7.0  162.0    5.000000    4.0    NaN   22.000000   8.0  230.0   5.0    NaN  180.0   NaN    NaN  NaN   NaN    NaN  NaN  13.0   NaN   9.0  NaN  8.0  30.0  153.0   6.0  788.0   99.0  163.0  12.0    8.0   18.0   NaN  78.0    NaN  NaN  173.0  160.0  27.0   102.0  5.0   9.0  332.0  NaN  27.0   NaN   NaN  NaN   NaN  5.0  16.0  23.0   5.0  12.0    NaN  20.0  NaN  6.0   31.0  20.0
37     153.000000   30.000000    8.0   25.0  132.0  NaN    5.0  6.0   22.0   NaN   36.0  NaN   8.0   NaN    8.0  10.0  136.0   NaN     NaN   39.0   30.0    5.0   68.000000    4.0   79.0    6.000000  27.0    NaN   NaN  524.0    NaN  12.0    NaN  NaN  86.0  144.0  4.0   NaN  19.0  25.0  5.0  8.0  21.0   50.0  32.0  788.0   73.0  197.0  34.0    7.0    NaN   NaN  80.0    NaN  NaN    NaN  126.0  88.0  2344.0  5.0   8.0   53.0  7.0   5.0  35.0  15.0  NaN  10.0  4.0   NaN   NaN   NaN   NaN    NaN   NaN  4.0  NaN    8.0   NaN
38      95.000000   29.000000    8.0   24.0   23.0  9.0    6.0  6.0   20.0  11.0   36.0  NaN  10.0   NaN   11.0  14.0   14.0  66.0     8.0   35.0   25.0  169.0    4.000000  263.0  292.0   20.000000   8.0    NaN   NaN  241.0    NaN   NaN   77.0  NaN  45.0    NaN  NaN   NaN  19.0   9.0  5.0  NaN  21.0  125.0  34.0  788.0    8.0  300.0  16.0   46.0   18.0   NaN  79.0  290.0  NaN  173.0  563.0  20.0  3222.0  NaN   8.0  332.0  9.0   NaN  35.0   NaN  4.0   NaN  NaN   NaN  23.0  73.0  12.0    NaN  20.0  4.0  NaN  318.0  20.0
39     780.000000   31.000000  177.0   24.0   16.0  9.0    9.0  6.0   22.0  16.0    8.0  NaN   5.0   NaN   23.0  14.0   75.0  14.0     8.0   20.0    6.0  162.0    5.000000    4.0    NaN   50.000000   8.0  230.0  18.0    NaN  180.0  12.0    NaN  NaN   NaN    NaN  4.0  13.0   NaN  20.0  NaN  8.0  30.0  119.0   6.0  788.0   95.0  163.0  12.0   14.0   18.0   NaN  63.0    NaN  NaN  173.0  161.0  27.0    70.0  5.0   9.0   72.0  6.0   7.0   NaN   NaN  NaN   NaN  5.0  16.0  23.0   4.0  12.0    NaN  20.0  NaN  6.0    5.0  20.0
40     208.000000   28.000000  254.0   24.0   24.0  9.0    8.0  5.0   19.0  17.0   11.0  NaN   5.0   NaN   31.0  14.0   75.0  14.0     8.0   20.0    6.0  159.0    5.000000   16.0    NaN   22.000000   8.0  230.0  17.0   99.0  180.0   NaN    NaN  NaN  24.0    NaN  NaN  13.0   NaN   9.0  NaN  8.0  30.0  151.0   6.0  788.0   73.0  197.0  12.0   16.0   18.0   NaN  77.0  290.0  NaN  173.0  168.0  27.0   121.0  5.0  10.0  332.0  NaN  27.0   NaN   NaN  4.0   NaN  5.0  16.0  23.0   5.0  12.0    NaN  20.0  NaN  6.0    7.0  20.0
41      10.000000  213.000000    NaN  270.0   24.0  NaN    8.0  NaN  261.0   NaN    NaN  NaN   NaN  24.0    NaN   5.0   14.0  14.0  2336.0    NaN    NaN   23.0  165.000000   32.0   11.0         NaN   8.0    NaN   NaN    NaN    NaN   NaN  196.0  NaN   NaN    NaN  NaN   NaN   NaN   NaN  NaN  NaN   NaN    NaN   NaN    NaN    NaN    NaN   NaN    9.0    NaN  48.0   NaN    NaN  8.0    NaN    NaN   NaN     NaN  NaN   NaN  332.0  NaN   NaN   NaN   NaN  NaN   NaN  NaN   NaN   NaN   NaN  12.0    NaN   NaN  NaN  8.0   13.0  20.0
42      10.000000  213.000000    8.0   32.0   24.0  NaN    8.0  7.0  166.0   NaN    NaN  NaN   NaN  24.0    NaN   5.0   14.0  14.0   470.0    6.0   48.0   12.0   58.000000   32.0   11.0         NaN   NaN    NaN   NaN    NaN    NaN   NaN  196.0  NaN   NaN    NaN  NaN   NaN   NaN   NaN  NaN  NaN   NaN    NaN  28.0    NaN   18.0    NaN   NaN    9.0    NaN  48.0   NaN    NaN  8.0    NaN   91.0   NaN     NaN  NaN   NaN  332.0  NaN   NaN   NaN   NaN  NaN   NaN  NaN   NaN   NaN   NaN  12.0    NaN   NaN  4.0  8.0   10.0  20.0
43      78.000000   41.000000   16.0  270.0   19.0  9.0    4.0  7.0   22.0   NaN   36.0  NaN   8.0  24.0   54.0  23.0  136.0  64.0  2336.0    9.0  118.0   84.0  246.000000    4.0  292.0   45.000000   8.0  230.0   NaN  253.0    NaN   NaN   77.0  8.0  46.0    NaN  NaN  13.0   NaN   9.0  5.0  8.0   NaN   28.0  19.0  788.0   39.0   94.0   NaN    6.0  203.0  48.0  80.0  290.0  8.0    NaN   98.0  17.0     NaN  5.0  12.0    NaN  9.0  27.0  35.0   NaN  4.0   NaN  4.0   NaN   NaN   NaN   NaN    NaN  16.0  4.0  NaN    NaN   NaN
44      39.000000   20.000000  131.0   24.0   14.0  NaN    5.0  8.0    8.0  11.0  194.0  NaN   8.0   NaN    8.0  25.0    NaN   NaN     NaN   90.0  113.0    8.0   96.000000    4.0    NaN  161.000000   8.0  230.0  18.0    NaN  180.0  12.0    NaN  NaN   NaN    NaN  4.0  13.0   NaN  56.0  NaN  NaN  30.0    4.0  34.0  788.0    NaN    NaN  12.0    6.0    NaN   NaN   4.0    NaN  NaN  173.0  144.0  28.0  3222.0  NaN   8.0   14.0  6.0   5.0   NaN   NaN  NaN   NaN  5.0  16.0  23.0  73.0   NaN    NaN   NaN  NaN  NaN    8.0   NaN
45       7.000000   50.000000   16.0  188.0   19.0  9.0   18.0  NaN  425.0   NaN    NaN  NaN   NaN   NaN  245.0  12.0  136.0  40.0     NaN  187.0  144.0   75.0   18.666667    4.0    NaN   34.000000   8.0    NaN   NaN  241.0    NaN   NaN   77.0  8.0  45.0    NaN  NaN   NaN   NaN   NaN  5.0  8.0  21.0    4.0   6.0    NaN   17.0  197.0  12.0    4.0  666.0   NaN  80.0  290.0  NaN    NaN  626.0  16.0     NaN  5.0  38.0    NaN  9.0  27.0  35.0   NaN  4.0   NaN  4.0   NaN   NaN   NaN   NaN    NaN   6.0  NaN  NaN    NaN   NaN
46     224.000000   25.000000  177.0   31.0   22.0  9.0    9.0  5.0   21.0  17.0   10.0  NaN   5.0   NaN   29.0  14.0   87.0  49.0     8.0   20.0    6.0  164.0    5.000000    4.0    NaN   23.000000   8.0  230.0  18.0  241.0  180.0   NaN   77.0  NaN  45.0    NaN  NaN  13.0   NaN   9.0  5.0  8.0  30.0  153.0   6.0  788.0   91.0  146.0  12.0   13.0   18.0   NaN  78.0  290.0  NaN  173.0  160.0  27.0   102.0  5.0   9.0  332.0  9.0  27.0  35.0   NaN  4.0   NaN  5.0  16.0  23.0   5.0  12.0    NaN  20.0  NaN  6.0   31.0  20.0
47     129.000000   20.000000    8.0   24.0    NaN  NaN    8.0  NaN    8.0  17.0   36.0  NaN  10.0   NaN    8.0  22.0    NaN  14.0   470.0  200.0  168.0    7.0   36.000000  392.0   11.0   21.000000   8.0    NaN   NaN    NaN    NaN   NaN    NaN  NaN   NaN    NaN  NaN   NaN   NaN   NaN  NaN  NaN   NaN   24.0  34.0    NaN    NaN    NaN   NaN    6.0    NaN   NaN  80.0    NaN  NaN    NaN    NaN  16.0     NaN  NaN   8.0    NaN  9.0   NaN   NaN   NaN  NaN   NaN  NaN   NaN   NaN   NaN   NaN    NaN   NaN  NaN  8.0    9.0   NaN
48     116.000000   20.000000    NaN  308.0    NaN  NaN    4.0  7.0   46.0   NaN    NaN  NaN   NaN   NaN    8.0  16.0    NaN   NaN     NaN    6.0  108.0  276.0  233.000000    4.0  292.0   21.000000   8.0    NaN   NaN    NaN    NaN   NaN   77.0  NaN   NaN    NaN  NaN   NaN   NaN   NaN  NaN  NaN   NaN   24.0  28.0    NaN    NaN    NaN   NaN    8.0    NaN   NaN  80.0    NaN  NaN    NaN   91.0  16.0     NaN  NaN   8.0    NaN  9.0   NaN   NaN   NaN  NaN   NaN  NaN   NaN   NaN   NaN   NaN    NaN   NaN  4.0  NaN    NaN   NaN
49     548.000000   30.000000  178.0   24.0   24.0  9.0    9.0  5.0   22.0  17.0   10.0  NaN   5.0   NaN   23.0  14.0   75.0  14.0     8.0   19.0    4.0  164.0    5.000000    4.0    NaN   22.000000   8.0  230.0  30.0    NaN  180.0   NaN    NaN  NaN   NaN    NaN  NaN  13.0   NaN   9.0  NaN  8.0  30.0  152.0   6.0  788.0   99.0  163.0  12.0    8.0   18.0   NaN  78.0    NaN  NaN  173.0  161.0  27.0   102.0  5.0   9.0  332.0  NaN  27.0   NaN   NaN  NaN   NaN  5.0  16.0  23.0   5.0  12.0    NaN  20.0  NaN  6.0   31.0  20.0
50       6.000000   80.000000    NaN    NaN    NaN  NaN   18.0  NaN  564.0   NaN    NaN  NaN   NaN   NaN    NaN  25.0  136.0  17.0     NaN  200.0   91.0  118.0   62.000000    4.0    NaN   48.000000   NaN    NaN  18.0    NaN    NaN   NaN    NaN  8.0   NaN    NaN  NaN   NaN   NaN   NaN  NaN  8.0  23.0   18.0   NaN    NaN   17.0  135.0  12.0    4.0  666.0   NaN   NaN    NaN  NaN    NaN  626.0   NaN     NaN  5.0  48.0    NaN  9.0  27.0   NaN   NaN  NaN   NaN  4.0  16.0   NaN   NaN   NaN    NaN   6.0  NaN  NaN    NaN   NaN
51       6.000000  198.000000   13.0   31.0   54.0  NaN   77.0  7.0  564.0  17.0    8.0  NaN   5.0   NaN    8.0  18.0   17.0  14.0     8.0   73.0   82.0   22.0   22.000000    4.0  193.0   35.000000  34.0  230.0  18.0  269.0  180.0   NaN   77.0  8.0  49.0  144.0  NaN  13.0   NaN   9.0  5.0  8.0  30.0   52.0  28.0  788.0   17.0   94.0  82.0    4.0  666.0   NaN  80.0  290.0  NaN    NaN   96.0  24.0    70.0  5.0  48.0  267.0  9.0  27.0  35.0  15.0  4.0  10.0  4.0  16.0   NaN   4.0  12.0    NaN   6.0  4.0  NaN  318.0  20.0
52     116.000000   20.000000  123.0   24.0   21.0  9.0    6.0  5.0    8.0  17.0   28.0  NaN   9.0   NaN    8.0  14.0   82.0  60.0     8.0    9.0    6.0  276.0  100.000000    4.0  168.0   20.666667   8.0  230.0  18.0  257.0  180.0   NaN   77.0  8.0  47.0  144.0  NaN  13.0  19.0   9.0  5.0  8.0  27.0   28.0  32.0  788.0   13.0  229.0  20.0    8.0  111.0   NaN  80.0  290.0  NaN  173.0  430.0  16.0   160.0  5.0   8.0  302.0  9.0  27.0  35.0  15.0  4.0  10.0  5.0  16.0  23.0   6.0  12.0    NaN  18.0  4.0  6.0  161.0  20.0
53      70.000000   45.000000   16.0  187.0   19.0  9.0    9.0  5.0   70.0   NaN   36.0  5.0   9.0   NaN   63.0  23.0  131.0  66.0   239.0  103.0  112.0    8.0  218.000000    5.0   11.0   46.000000   8.0  230.0   NaN  252.0    NaN   NaN   77.0  8.0  46.0    NaN  NaN  13.0   NaN   9.0  5.0  8.0  21.0   28.0  18.0  788.0   18.0  103.0  12.0    6.0  195.0   NaN  80.0  290.0  NaN   40.0  305.0  17.0     NaN  5.0  12.0  332.0  9.0  27.0  35.0   NaN  4.0   NaN  4.0   NaN   NaN   NaN  12.0  972.0  16.0  NaN  8.0   86.0  20.0
54     244.000000   19.000000    8.5   26.0   21.0  9.0    8.0  5.0   26.0  17.0   11.0  5.0   5.0   NaN   28.0  19.0   75.0  40.0     8.0   55.0    6.0   24.0   13.000000    4.0  251.0   17.000000   8.0  230.0  17.0  382.0  180.0   NaN   77.0  NaN  65.0  144.0  NaN  13.0  19.0   9.0  5.0  8.0  27.0  156.0  30.0  788.0    7.0  287.0  17.0  112.0   18.0   NaN  75.0  290.0  NaN  106.0  144.0  40.0   179.0  5.0  13.0  196.0  9.0  27.0  35.0  15.0  4.0  10.0  5.0  16.0  23.0   6.0  12.0  972.0  20.0  4.0  6.0    4.0  20.0
55       5.000000   80.000000   16.0  163.0   22.0  9.0   18.0  6.0  156.0  17.0    8.0  NaN   5.0   NaN   54.0  22.0  136.0  64.0     8.0   99.0    4.0   68.0   48.000000    4.0  292.0   48.000000   8.0  230.0  18.0  269.0  180.0  12.0   77.0  8.0  49.0    NaN  4.0  13.0  19.0  32.0  5.0  8.0  22.0   29.0  17.0  788.0  140.0   94.0  14.0  127.0  234.0   NaN  80.0  290.0  NaN    NaN  567.0  28.0   828.0  5.0  12.0  311.0  9.0  16.0  35.0   NaN  4.0   NaN  4.0  16.0   NaN   4.0  12.0    NaN  15.0  4.0  NaN  297.0  20.0
56      10.000000  213.333333  131.0   28.0   24.0  NaN   56.0  7.0  261.0  17.0   27.0  5.0   9.0  24.0    8.0  10.0   14.0  14.0     8.0    6.0   63.0   23.0    4.000000   21.0  119.0   38.000000  33.0  230.0  18.0   99.0  180.0  12.0  196.0  NaN  24.0  144.0  4.0  13.0   NaN  32.0  NaN  8.0  27.0   39.0  30.0  788.0  132.0  108.0  79.0    8.0    NaN  48.0  80.0  290.0  8.0   40.0   96.0  19.0   828.0  5.0  42.0  332.0  6.0  27.0   NaN  15.0  4.0  10.0  4.0  16.0   NaN   4.0  12.0  972.0   NaN  4.0  8.0  318.0  20.0
57     127.000000    7.000000    8.0    NaN   24.0  NaN    6.0  5.0  261.0   NaN    NaN  5.0   5.0   NaN    NaN  30.0   14.0  87.0     8.0    4.0  168.0   12.0  164.000000    4.0    NaN         NaN   NaN    NaN   NaN    NaN    NaN   NaN    NaN  NaN   NaN    NaN  NaN   NaN   NaN   9.0  NaN  NaN   NaN   29.0   NaN  788.0   18.0    NaN   NaN    5.0    NaN   NaN   NaN    NaN  NaN   40.0  144.0  40.0     NaN  NaN   NaN  332.0  9.0   NaN   NaN   NaN  NaN   NaN  NaN   NaN   NaN   NaN  12.0  972.0   NaN  NaN  NaN    8.0  20.0
58       7.000000  191.000000    8.0   32.0  108.0  NaN  108.0  7.0   72.0   NaN   36.0  NaN   6.0   NaN    8.0   9.0   34.0  14.0   115.0    6.0   49.0  114.0   17.000000   21.0  292.0   27.000000  33.0    NaN   NaN    NaN    NaN   NaN   77.0  NaN   NaN  144.0  NaN   NaN  19.0   9.0  NaN  8.0  21.0   34.0  28.0  788.0   16.0  284.0  44.0  121.0    NaN   NaN  80.0    NaN  NaN    NaN   91.0  54.0     NaN  5.0  46.0  153.0  9.0  27.0   NaN  15.0  NaN  10.0  4.0   NaN   NaN   NaN  12.0    NaN   NaN  4.0  8.0  247.0  20.0
2024-06-13 00:13:51,023 - INFO - Các cặp (user, item) bị trùng lặp:
2024-06-13 00:13:51,023 - INFO -       user  item  rating
27      17    76    15.0
28      17    76   310.0
178     17   227     5.0
179     17   227    11.0
897     29    49    12.0
898     29    49    88.0
1077    30    49   302.0
1078    30    49   214.0
1329    33   121    23.0
1330    33   121    42.0
1437    34    49     4.0
1438    34    49     5.0
1439    34    49    17.0
1642    35    73    18.0
1643    35    73     5.0
2000    37    72     5.0
2001    37    72     5.0
3432    45    71    12.0
3433    45    71   276.0
3435    45    73     5.0
3436    45    73    19.0
3437    45    73    32.0
4330    50    71     8.0
4331    50    71   174.0
4497    51    58  1120.0
4498    51    58     8.0
4508    51    68    20.0
4509    51    68     8.0
4696    52    76    38.0
4697    52    76    10.0
4698    52    76    14.0
4874    53    73   186.0
4875    53    73   250.0
5032    54    51    12.0
5033    54    51     5.0
5390    56    50    88.0
5391    56    50     4.0
5392    56    50   548.0
5414    56    72    30.0
5415    56    72    16.0
5771    58    70     8.0
5772    58    70     4.0
2024-06-13 00:13:51,032 - INFO - Mean RMSE: 317.48444018854843
2024-06-13 00:13:51,032 - INFO - Mean MAE: 118.80617012121215
2024-06-13 00:13:51,032 - INFO - Thời gian thực thi: 0:00:00.342618
2024-06-13 00:13:51,067 - INFO - Đã lưu file gợi ý: result/4_prediction_export.xlsx
